[0.929s] Invoking command in '/home/tirth/tirth_ws/src/bot_control': PYTHONPATH=/home/tirth/tirth_ws/build/bot_control/prefix_override:/home/tirth/tirth_ws/install/bot_control/lib/python3.10/site-packages:${PYTHONPATH} /usr/bin/python3 setup.py egg_info --egg-base ../../build/bot_control build --build-base /home/tirth/tirth_ws/build/bot_control/build install --record /home/tirth/tirth_ws/build/bot_control/install.log --single-version-externally-managed
[1.217s] running egg_info
[1.217s] writing ../../build/bot_control/bot_control.egg-info/PKG-INFO
[1.218s] writing dependency_links to ../../build/bot_control/bot_control.egg-info/dependency_links.txt
[1.218s] writing entry points to ../../build/bot_control/bot_control.egg-info/entry_points.txt
[1.218s] writing requirements to ../../build/bot_control/bot_control.egg-info/requires.txt
[1.218s] writing top-level names to ../../build/bot_control/bot_control.egg-info/top_level.txt
[1.220s] reading manifest file '../../build/bot_control/bot_control.egg-info/SOURCES.txt'
[1.220s] adding license file 'LICENSE'
[1.221s] writing manifest file '../../build/bot_control/bot_control.egg-info/SOURCES.txt'
[1.221s] running build
[1.221s] running build_py
[1.221s] running install
[1.222s] running install_lib
[1.223s] byte-compiling /home/tirth/tirth_ws/install/bot_control/lib/python3.10/site-packages/bot_control/filter.py to filter.cpython-310.pyc
[1.223s] running install_data
[1.223s]   File "/home/tirth/tirth_ws/install/bot_control/lib/python3.10/site-packages/bot_control/filter.py", line 26
[1.223s]     print(int(self.point.angle_max*2.094/1081) len(self.point.ranges)+1 )
[1.223s]           ^^^^^^^^^^^^^^^^^^^^^^^^^^^^^^^^^^^^^^^^^^^^^^^^^^^^^^^^^^^^^
[1.223s] SyntaxError: invalid syntax. Perhaps you forgot a comma?
[1.224s] 
[1.224s] running install_egg_info
[1.225s] removing '/home/tirth/tirth_ws/install/bot_control/lib/python3.10/site-packages/bot_control-0.0.0-py3.10.egg-info' (and everything under it)
[1.226s] Copying ../../build/bot_control/bot_control.egg-info to /home/tirth/tirth_ws/install/bot_control/lib/python3.10/site-packages/bot_control-0.0.0-py3.10.egg-info
[1.226s] running install_scripts
[1.248s] Installing filter script to /home/tirth/tirth_ws/install/bot_control/lib/bot_control
[1.248s] writing list of installed files to '/home/tirth/tirth_ws/build/bot_control/install.log'
[1.274s] Invoked command in '/home/tirth/tirth_ws/src/bot_control' returned '0': PYTHONPATH=/home/tirth/tirth_ws/build/bot_control/prefix_override:/home/tirth/tirth_ws/install/bot_control/lib/python3.10/site-packages:${PYTHONPATH} /usr/bin/python3 setup.py egg_info --egg-base ../../build/bot_control build --build-base /home/tirth/tirth_ws/build/bot_control/build install --record /home/tirth/tirth_ws/build/bot_control/install.log --single-version-externally-managed
