[6.917s] DEBUG:colcon:Command line arguments: ['/usr/bin/colcon', 'build']
[6.917s] DEBUG:colcon:Parsed command line arguments: Namespace(log_base=None, log_level=None, verb_name='build', build_base='build', install_base='install', merge_install=False, symlink_install=False, test_result_base=None, continue_on_error=False, executor='parallel', parallel_workers=8, event_handlers=None, ignore_user_meta=False, metas=['./colcon.meta'], base_paths=['.'], packages_ignore=None, packages_ignore_regex=None, paths=None, packages_up_to=None, packages_up_to_regex=None, packages_above=None, packages_above_and_dependencies=None, packages_above_depth=None, packages_select_by_dep=None, packages_skip_by_dep=None, packages_skip_up_to=None, packages_select_build_failed=False, packages_skip_build_finished=False, packages_select_test_failures=False, packages_skip_test_passed=False, packages_select=None, packages_skip=None, packages_select_regex=None, packages_skip_regex=None, packages_start=None, packages_end=None, allow_overriding=[], cmake_args=None, cmake_target=None, cmake_target_skip_unavailable=False, cmake_clean_cache=False, cmake_clean_first=False, cmake_force_configure=False, ament_cmake_args=None, catkin_cmake_args=None, catkin_skip_building_tests=False, verb_parser=<colcon_defaults.argument_parser.defaults.DefaultArgumentsDecorator object at 0x70fd0ca60100>, verb_extension=<colcon_core.verb.build.BuildVerb object at 0x70fd0ca62e00>, main=<bound method BuildVerb.main of <colcon_core.verb.build.BuildVerb object at 0x70fd0ca62e00>>)
[7.552s] Level 1:colcon.colcon_core.package_discovery:discover_packages(colcon_meta) check parameters
[7.552s] Level 1:colcon.colcon_core.package_discovery:discover_packages(recursive) check parameters
[7.552s] Level 1:colcon.colcon_core.package_discovery:discover_packages(ignore) check parameters
[7.552s] Level 1:colcon.colcon_core.package_discovery:discover_packages(path) check parameters
[7.552s] Level 1:colcon.colcon_core.package_discovery:discover_packages(colcon_meta) discover
[7.552s] Level 1:colcon.colcon_core.package_discovery:discover_packages(recursive) discover
[7.552s] INFO:colcon.colcon_core.package_discovery:Crawling recursively for packages in '/home/tirth/tirth_ws'
[7.552s] Level 1:colcon.colcon_core.package_identification:_identify(.) by extensions ['ignore', 'ignore_ament_install']
[7.553s] Level 1:colcon.colcon_core.package_identification:_identify(.) by extension 'ignore'
[7.553s] Level 1:colcon.colcon_core.package_identification:_identify(.) by extension 'ignore_ament_install'
[7.553s] Level 1:colcon.colcon_core.package_identification:_identify(.) by extensions ['colcon_pkg']
[7.553s] Level 1:colcon.colcon_core.package_identification:_identify(.) by extension 'colcon_pkg'
[7.553s] Level 1:colcon.colcon_core.package_identification:_identify(.) by extensions ['colcon_meta']
[7.553s] Level 1:colcon.colcon_core.package_identification:_identify(.) by extension 'colcon_meta'
[7.553s] Level 1:colcon.colcon_core.package_identification:_identify(.) by extensions ['ros']
[7.553s] Level 1:colcon.colcon_core.package_identification:_identify(.) by extension 'ros'
[7.655s] Level 1:colcon.colcon_core.package_identification:_identify(.) by extensions ['cmake', 'python']
[7.655s] Level 1:colcon.colcon_core.package_identification:_identify(.) by extension 'cmake'
[7.655s] Level 1:colcon.colcon_core.package_identification:_identify(.) by extension 'python'
[7.656s] Level 1:colcon.colcon_core.package_identification:_identify(.) by extensions ['python_setup_py']
[7.656s] Level 1:colcon.colcon_core.package_identification:_identify(.) by extension 'python_setup_py'
[7.662s] Level 1:colcon.colcon_core.package_identification:_identify(build) by extensions ['ignore', 'ignore_ament_install']
[7.662s] Level 1:colcon.colcon_core.package_identification:_identify(build) by extension 'ignore'
[7.662s] Level 1:colcon.colcon_core.package_identification:_identify(build) ignored
[7.662s] Level 1:colcon.colcon_core.package_identification:_identify(install) by extensions ['ignore', 'ignore_ament_install']
[7.663s] Level 1:colcon.colcon_core.package_identification:_identify(install) by extension 'ignore'
[7.663s] Level 1:colcon.colcon_core.package_identification:_identify(install) ignored
[7.663s] Level 1:colcon.colcon_core.package_identification:_identify(log) by extensions ['ignore', 'ignore_ament_install']
[7.663s] Level 1:colcon.colcon_core.package_identification:_identify(log) by extension 'ignore'
[7.663s] Level 1:colcon.colcon_core.package_identification:_identify(log) ignored
[7.663s] Level 1:colcon.colcon_core.package_identification:_identify(src) by extensions ['ignore', 'ignore_ament_install']
[7.663s] Level 1:colcon.colcon_core.package_identification:_identify(src) by extension 'ignore'
[7.664s] Level 1:colcon.colcon_core.package_identification:_identify(src) by extension 'ignore_ament_install'
[7.664s] Level 1:colcon.colcon_core.package_identification:_identify(src) by extensions ['colcon_pkg']
[7.664s] Level 1:colcon.colcon_core.package_identification:_identify(src) by extension 'colcon_pkg'
[7.664s] Level 1:colcon.colcon_core.package_identification:_identify(src) by extensions ['colcon_meta']
[7.664s] Level 1:colcon.colcon_core.package_identification:_identify(src) by extension 'colcon_meta'
[7.664s] Level 1:colcon.colcon_core.package_identification:_identify(src) by extensions ['ros']
[7.664s] Level 1:colcon.colcon_core.package_identification:_identify(src) by extension 'ros'
[7.664s] Level 1:colcon.colcon_core.package_identification:_identify(src) by extensions ['cmake', 'python']
[7.664s] Level 1:colcon.colcon_core.package_identification:_identify(src) by extension 'cmake'
[7.664s] Level 1:colcon.colcon_core.package_identification:_identify(src) by extension 'python'
[7.664s] Level 1:colcon.colcon_core.package_identification:_identify(src) by extensions ['python_setup_py']
[7.664s] Level 1:colcon.colcon_core.package_identification:_identify(src) by extension 'python_setup_py'
[7.664s] Level 1:colcon.colcon_core.package_identification:_identify(src/bot_description) by extensions ['ignore', 'ignore_ament_install']
[7.665s] Level 1:colcon.colcon_core.package_identification:_identify(src/bot_description) by extension 'ignore'
[7.665s] Level 1:colcon.colcon_core.package_identification:_identify(src/bot_description) by extension 'ignore_ament_install'
[7.665s] Level 1:colcon.colcon_core.package_identification:_identify(src/bot_description) by extensions ['colcon_pkg']
[7.665s] Level 1:colcon.colcon_core.package_identification:_identify(src/bot_description) by extension 'colcon_pkg'
[7.665s] Level 1:colcon.colcon_core.package_identification:_identify(src/bot_description) by extensions ['colcon_meta']
[7.665s] Level 1:colcon.colcon_core.package_identification:_identify(src/bot_description) by extension 'colcon_meta'
[7.665s] Level 1:colcon.colcon_core.package_identification:_identify(src/bot_description) by extensions ['ros']
[7.665s] Level 1:colcon.colcon_core.package_identification:_identify(src/bot_description) by extension 'ros'
[7.680s] DEBUG:colcon.colcon_core.package_identification:Package 'src/bot_description' with type 'ros.ament_python' and name 'bot_description'
[7.680s] Level 1:colcon.colcon_core.package_discovery:discover_packages(recursive) using defaults
[7.680s] Level 1:colcon.colcon_core.package_discovery:discover_packages(ignore) discover
[7.680s] Level 1:colcon.colcon_core.package_discovery:discover_packages(ignore) using defaults
[7.680s] Level 1:colcon.colcon_core.package_discovery:discover_packages(path) discover
[7.680s] Level 1:colcon.colcon_core.package_discovery:discover_packages(path) using defaults
[8.029s] Level 1:colcon.colcon_core.package_discovery:discover_packages(prefix_path) check parameters
[8.029s] Level 1:colcon.colcon_core.package_discovery:discover_packages(prefix_path) discover
[8.184s] DEBUG:colcon.colcon_installed_package_information.package_discovery:Found 1 installed packages in /home/tirth/tirth_ws/install
[8.360s] DEBUG:colcon.colcon_installed_package_information.package_discovery:Found 8 installed packages in /home/tirth/colcon_ws/install
[8.434s] DEBUG:colcon.colcon_installed_package_information.package_discovery:Found 312 installed packages in /opt/ros/humble
[8.439s] Level 1:colcon.colcon_core.package_discovery:discover_packages(prefix_path) using defaults
[10.735s] Level 5:colcon.colcon_core.verb:set package 'bot_description' build argument 'cmake_args' from command line to 'None'
[10.735s] Level 5:colcon.colcon_core.verb:set package 'bot_description' build argument 'cmake_target' from command line to 'None'
[10.736s] Level 5:colcon.colcon_core.verb:set package 'bot_description' build argument 'cmake_target_skip_unavailable' from command line to 'False'
[10.736s] Level 5:colcon.colcon_core.verb:set package 'bot_description' build argument 'cmake_clean_cache' from command line to 'False'
[10.736s] Level 5:colcon.colcon_core.verb:set package 'bot_description' build argument 'cmake_clean_first' from command line to 'False'
[10.736s] Level 5:colcon.colcon_core.verb:set package 'bot_description' build argument 'cmake_force_configure' from command line to 'False'
[10.736s] Level 5:colcon.colcon_core.verb:set package 'bot_description' build argument 'ament_cmake_args' from command line to 'None'
[10.736s] Level 5:colcon.colcon_core.verb:set package 'bot_description' build argument 'catkin_cmake_args' from command line to 'None'
[10.736s] Level 5:colcon.colcon_core.verb:set package 'bot_description' build argument 'catkin_skip_building_tests' from command line to 'False'
[10.736s] DEBUG:colcon.colcon_core.verb:Building package 'bot_description' with the following arguments: {'ament_cmake_args': None, 'build_base': '/home/tirth/tirth_ws/build/bot_description', 'catkin_cmake_args': None, 'catkin_skip_building_tests': False, 'cmake_args': None, 'cmake_clean_cache': False, 'cmake_clean_first': False, 'cmake_force_configure': False, 'cmake_target': None, 'cmake_target_skip_unavailable': False, 'install_base': '/home/tirth/tirth_ws/install/bot_description', 'merge_install': False, 'path': '/home/tirth/tirth_ws/src/bot_description', 'symlink_install': False, 'test_result_base': None}
[10.755s] INFO:colcon.colcon_core.executor:Executing jobs using 'parallel' executor
[10.775s] DEBUG:colcon.colcon_parallel_executor.executor.parallel:run_until_complete
[10.775s] INFO:colcon.colcon_ros.task.ament_python.build:Building ROS package in '/home/tirth/tirth_ws/src/bot_description' with build type 'ament_python'
[10.775s] Level 1:colcon.colcon_core.shell:create_environment_hook('bot_description', 'ament_prefix_path')
[10.981s] INFO:colcon.colcon_core.plugin_system:Skipping extension 'colcon_core.shell.bat': Not used on non-Windows systems
[10.982s] INFO:colcon.colcon_core.shell:Creating environment hook '/home/tirth/tirth_ws/install/bot_description/share/bot_description/hook/ament_prefix_path.ps1'
[11.120s] INFO:colcon.colcon_core.shell:Creating environment descriptor '/home/tirth/tirth_ws/install/bot_description/share/bot_description/hook/ament_prefix_path.dsv'
[11.132s] INFO:colcon.colcon_core.shell:Creating environment hook '/home/tirth/tirth_ws/install/bot_description/share/bot_description/hook/ament_prefix_path.sh'
[11.191s] INFO:colcon.colcon_core.shell:Skip shell extension 'powershell' for command environment: Not usable outside of PowerShell
[11.191s] DEBUG:colcon.colcon_core.shell:Skip shell extension 'dsv' for command environment
[11.758s] INFO:colcon.colcon_core.task.python.build:Building Python package in '/home/tirth/tirth_ws/src/bot_description'
[11.779s] INFO:colcon.colcon_core.shell:Skip shell extension 'powershell' for command environment: Not usable outside of PowerShell
[11.780s] DEBUG:colcon.colcon_core.shell:Skip shell extension 'dsv' for command environment
[12.997s] DEBUG:colcon.colcon_core.event_handler.log_command:Invoking command in '/home/tirth/tirth_ws/src/bot_description': PYTHONPATH=/home/tirth/tirth_ws/build/bot_description/prefix_override:/home/tirth/tirth_ws/install/bot_description/lib/python3.10/site-packages:${PYTHONPATH} /usr/bin/python3 setup.py egg_info --egg-base ../../build/bot_description build --build-base /home/tirth/tirth_ws/build/bot_description/build install --record /home/tirth/tirth_ws/build/bot_description/install.log --single-version-externally-managed
[13.481s] DEBUG:colcon.colcon_core.event_handler.log_command:Invoked command in '/home/tirth/tirth_ws/src/bot_description' returned '0': PYTHONPATH=/home/tirth/tirth_ws/build/bot_description/prefix_override:/home/tirth/tirth_ws/install/bot_description/lib/python3.10/site-packages:${PYTHONPATH} /usr/bin/python3 setup.py egg_info --egg-base ../../build/bot_description build --build-base /home/tirth/tirth_ws/build/bot_description/build install --record /home/tirth/tirth_ws/build/bot_description/install.log --single-version-externally-managed
[13.561s] Level 1:colcon.colcon_core.environment:checking '/home/tirth/tirth_ws/install/bot_description' for CMake module files
[13.562s] Level 1:colcon.colcon_core.environment:checking '/home/tirth/tirth_ws/install/bot_description' for CMake config files
[13.633s] Level 1:colcon.colcon_core.environment:checking '/home/tirth/tirth_ws/install/bot_description/lib'
[13.634s] Level 1:colcon.colcon_core.environment:checking '/home/tirth/tirth_ws/install/bot_description/bin'
[13.634s] Level 1:colcon.colcon_core.environment:checking '/home/tirth/tirth_ws/install/bot_description/lib/pkgconfig/bot_description.pc'
[13.634s] Level 1:colcon.colcon_core.environment:checking '/home/tirth/tirth_ws/install/bot_description/lib/python3.10/site-packages'
[13.634s] Level 1:colcon.colcon_core.shell:create_environment_hook('bot_description', 'pythonpath')
[13.656s] INFO:colcon.colcon_core.shell:Creating environment hook '/home/tirth/tirth_ws/install/bot_description/share/bot_description/hook/pythonpath.ps1'
[13.657s] INFO:colcon.colcon_core.shell:Creating environment descriptor '/home/tirth/tirth_ws/install/bot_description/share/bot_description/hook/pythonpath.dsv'
[13.658s] INFO:colcon.colcon_core.shell:Creating environment hook '/home/tirth/tirth_ws/install/bot_description/share/bot_description/hook/pythonpath.sh'
[13.658s] Level 1:colcon.colcon_core.environment:checking '/home/tirth/tirth_ws/install/bot_description/bin'
[13.658s] Level 1:colcon.colcon_core.environment:create_environment_scripts_only(bot_description)
[13.681s] INFO:colcon.colcon_core.shell:Creating package script '/home/tirth/tirth_ws/install/bot_description/share/bot_description/package.ps1'
[13.710s] INFO:colcon.colcon_core.shell:Creating package descriptor '/home/tirth/tirth_ws/install/bot_description/share/bot_description/package.dsv'
[13.712s] INFO:colcon.colcon_core.shell:Creating package script '/home/tirth/tirth_ws/install/bot_description/share/bot_description/package.sh'
[13.715s] INFO:colcon.colcon_core.shell:Creating package script '/home/tirth/tirth_ws/install/bot_description/share/bot_description/package.bash'
[13.720s] INFO:colcon.colcon_core.shell:Creating package script '/home/tirth/tirth_ws/install/bot_description/share/bot_description/package.zsh'
[13.722s] Level 1:colcon.colcon_core.environment:create_file_with_runtime_dependencies(/home/tirth/tirth_ws/install/bot_description/share/colcon-core/packages/bot_description)
[13.723s] DEBUG:colcon.colcon_parallel_executor.executor.parallel:closing loop
[13.724s] DEBUG:colcon.colcon_parallel_executor.executor.parallel:loop closed
[13.724s] DEBUG:colcon.colcon_parallel_executor.executor.parallel:run_until_complete finished with '0'
[13.724s] DEBUG:colcon.colcon_core.event_reactor:joining thread
[13.876s] INFO:colcon.colcon_core.plugin_system:Skipping extension 'colcon_notification.desktop_notification.terminal_notifier': Not used on non-Darwin systems
[13.876s] INFO:colcon.colcon_core.plugin_system:Skipping extension 'colcon_notification.desktop_notification.win32': Not used on non-Windows systems
[13.877s] INFO:colcon.colcon_notification.desktop_notification:Sending desktop notification using 'notify2'
[13.997s] DEBUG:colcon.colcon_core.event_reactor:joined thread
[14.019s] INFO:colcon.colcon_core.shell:Creating prefix script '/home/tirth/tirth_ws/install/local_setup.ps1'
[14.021s] INFO:colcon.colcon_core.shell:Creating prefix util module '/home/tirth/tirth_ws/install/_local_setup_util_ps1.py'
[14.022s] INFO:colcon.colcon_core.shell:Creating prefix chain script '/home/tirth/tirth_ws/install/setup.ps1'
[14.044s] INFO:colcon.colcon_core.shell:Creating prefix script '/home/tirth/tirth_ws/install/local_setup.sh'
[14.044s] INFO:colcon.colcon_core.shell:Creating prefix util module '/home/tirth/tirth_ws/install/_local_setup_util_sh.py'
[14.045s] INFO:colcon.colcon_core.shell:Creating prefix chain script '/home/tirth/tirth_ws/install/setup.sh'
[14.066s] INFO:colcon.colcon_core.shell:Creating prefix script '/home/tirth/tirth_ws/install/local_setup.bash'
[14.066s] INFO:colcon.colcon_core.shell:Creating prefix chain script '/home/tirth/tirth_ws/install/setup.bash'
[14.087s] INFO:colcon.colcon_core.shell:Creating prefix script '/home/tirth/tirth_ws/install/local_setup.zsh'
[14.088s] INFO:colcon.colcon_core.shell:Creating prefix chain script '/home/tirth/tirth_ws/install/setup.zsh'
