[2.847s] Invoking command in '/home/tirth/tirth_ws/src/bot_description': PYTHONPATH=/home/tirth/tirth_ws/build/bot_description/prefix_override:/home/tirth/tirth_ws/install/bot_description/lib/python3.10/site-packages:${PYTHONPATH} /usr/bin/python3 setup.py egg_info --egg-base ../../build/bot_description build --build-base /home/tirth/tirth_ws/build/bot_description/build install --record /home/tirth/tirth_ws/build/bot_description/install.log --single-version-externally-managed
[3.224s] running egg_info
[3.225s] writing ../../build/bot_description/bot_description.egg-info/PKG-INFO
[3.225s] writing dependency_links to ../../build/bot_description/bot_description.egg-info/dependency_links.txt
[3.225s] writing entry points to ../../build/bot_description/bot_description.egg-info/entry_points.txt
[3.225s] writing requirements to ../../build/bot_description/bot_description.egg-info/requires.txt
[3.225s] writing top-level names to ../../build/bot_description/bot_description.egg-info/top_level.txt
[3.227s] reading manifest file '../../build/bot_description/bot_description.egg-info/SOURCES.txt'
[3.275s] adding license file 'LICENSE'
[3.276s] writing manifest file '../../build/bot_description/bot_description.egg-info/SOURCES.txt'
[3.277s] running build
[3.277s] running build_py
[3.277s] running install
[3.277s] running install_lib
[3.279s] running install_data
[3.296s] copying urdf/bot.urdf -> /home/tirth/tirth_ws/install/bot_description/share/bot_description/urdf
[3.318s] copying launch/rviz.launch.py -> /home/tirth/tirth_ws/install/bot_description/share/bot_description/launch
[3.320s] running install_egg_info
[3.322s] removing '/home/tirth/tirth_ws/install/bot_description/lib/python3.10/site-packages/bot_description-0.0.0-py3.10.egg-info' (and everything under it)
[3.322s] Copying ../../build/bot_description/bot_description.egg-info to /home/tirth/tirth_ws/install/bot_description/lib/python3.10/site-packages/bot_description-0.0.0-py3.10.egg-info
[3.337s] running install_scripts
[3.362s] writing list of installed files to '/home/tirth/tirth_ws/build/bot_description/install.log'
[3.401s] Invoked command in '/home/tirth/tirth_ws/src/bot_description' returned '0': PYTHONPATH=/home/tirth/tirth_ws/build/bot_description/prefix_override:/home/tirth/tirth_ws/install/bot_description/lib/python3.10/site-packages:${PYTHONPATH} /usr/bin/python3 setup.py egg_info --egg-base ../../build/bot_description build --build-base /home/tirth/tirth_ws/build/bot_description/build install --record /home/tirth/tirth_ws/build/bot_description/install.log --single-version-externally-managed
