[1.426s] Invoking command in '/home/tirth/tirth_ws/src/bot_world': PYTHONPATH=/home/tirth/tirth_ws/build/bot_world/prefix_override:/home/tirth/tirth_ws/install/bot_world/lib/python3.10/site-packages:${PYTHONPATH} /usr/bin/python3 setup.py egg_info --egg-base ../../build/bot_world build --build-base /home/tirth/tirth_ws/build/bot_world/build install --record /home/tirth/tirth_ws/build/bot_world/install.log --single-version-externally-managed
[1.723s] running egg_info
[1.724s] writing ../../build/bot_world/bot_world.egg-info/PKG-INFO
[1.724s] writing dependency_links to ../../build/bot_world/bot_world.egg-info/dependency_links.txt
[1.724s] writing entry points to ../../build/bot_world/bot_world.egg-info/entry_points.txt
[1.724s] writing requirements to ../../build/bot_world/bot_world.egg-info/requires.txt
[1.724s] writing top-level names to ../../build/bot_world/bot_world.egg-info/top_level.txt
[1.727s] reading manifest file '../../build/bot_world/bot_world.egg-info/SOURCES.txt'
[1.727s] adding license file 'LICENSE'
[1.728s] writing manifest file '../../build/bot_world/bot_world.egg-info/SOURCES.txt'
[1.728s] running build
[1.728s] running build_py
[1.729s] running install
[1.729s] running install_lib
[1.730s] running install_data
[1.731s] running install_egg_info
[1.732s] removing '/home/tirth/tirth_ws/install/bot_world/lib/python3.10/site-packages/bot_world-0.0.0-py3.10.egg-info' (and everything under it)
[1.733s] Copying ../../build/bot_world/bot_world.egg-info to /home/tirth/tirth_ws/install/bot_world/lib/python3.10/site-packages/bot_world-0.0.0-py3.10.egg-info
[1.734s] running install_scripts
[1.755s] writing list of installed files to '/home/tirth/tirth_ws/build/bot_world/install.log'
[1.796s] Invoked command in '/home/tirth/tirth_ws/src/bot_world' returned '0': PYTHONPATH=/home/tirth/tirth_ws/build/bot_world/prefix_override:/home/tirth/tirth_ws/install/bot_world/lib/python3.10/site-packages:${PYTHONPATH} /usr/bin/python3 setup.py egg_info --egg-base ../../build/bot_world build --build-base /home/tirth/tirth_ws/build/bot_world/build install --record /home/tirth/tirth_ws/build/bot_world/install.log --single-version-externally-managed
