[1.190s] DEBUG:colcon:Command line arguments: ['/usr/bin/colcon', 'build']
[1.190s] DEBUG:colcon:Parsed command line arguments: Namespace(log_base=None, log_level=None, verb_name='build', build_base='build', install_base='install', merge_install=False, symlink_install=False, test_result_base=None, continue_on_error=False, executor='parallel', parallel_workers=8, event_handlers=None, ignore_user_meta=False, metas=['./colcon.meta'], base_paths=['.'], packages_ignore=None, packages_ignore_regex=None, paths=None, packages_up_to=None, packages_up_to_regex=None, packages_above=None, packages_above_and_dependencies=None, packages_above_depth=None, packages_select_by_dep=None, packages_skip_by_dep=None, packages_skip_up_to=None, packages_select_build_failed=False, packages_skip_build_finished=False, packages_select_test_failures=False, packages_skip_test_passed=False, packages_select=None, packages_skip=None, packages_select_regex=None, packages_skip_regex=None, packages_start=None, packages_end=None, allow_overriding=[], cmake_args=None, cmake_target=None, cmake_target_skip_unavailable=False, cmake_clean_cache=False, cmake_clean_first=False, cmake_force_configure=False, ament_cmake_args=None, catkin_cmake_args=None, catkin_skip_building_tests=False, verb_parser=<colcon_defaults.argument_parser.defaults.DefaultArgumentsDecorator object at 0x718cca0f1c30>, verb_extension=<colcon_core.verb.build.BuildVerb object at 0x718cca0f2350>, main=<bound method BuildVerb.main of <colcon_core.verb.build.BuildVerb object at 0x718cca0f2350>>)
[1.250s] Level 1:colcon.colcon_core.package_discovery:discover_packages(colcon_meta) check parameters
[1.250s] Level 1:colcon.colcon_core.package_discovery:discover_packages(recursive) check parameters
[1.250s] Level 1:colcon.colcon_core.package_discovery:discover_packages(ignore) check parameters
[1.250s] Level 1:colcon.colcon_core.package_discovery:discover_packages(path) check parameters
[1.250s] Level 1:colcon.colcon_core.package_discovery:discover_packages(colcon_meta) discover
[1.250s] Level 1:colcon.colcon_core.package_discovery:discover_packages(recursive) discover
[1.250s] INFO:colcon.colcon_core.package_discovery:Crawling recursively for packages in '/home/tirth/tirth_ws'
[1.250s] Level 1:colcon.colcon_core.package_identification:_identify(.) by extensions ['ignore', 'ignore_ament_install']
[1.250s] Level 1:colcon.colcon_core.package_identification:_identify(.) by extension 'ignore'
[1.251s] Level 1:colcon.colcon_core.package_identification:_identify(.) by extension 'ignore_ament_install'
[1.251s] Level 1:colcon.colcon_core.package_identification:_identify(.) by extensions ['colcon_pkg']
[1.251s] Level 1:colcon.colcon_core.package_identification:_identify(.) by extension 'colcon_pkg'
[1.251s] Level 1:colcon.colcon_core.package_identification:_identify(.) by extensions ['colcon_meta']
[1.251s] Level 1:colcon.colcon_core.package_identification:_identify(.) by extension 'colcon_meta'
[1.251s] Level 1:colcon.colcon_core.package_identification:_identify(.) by extensions ['ros']
[1.251s] Level 1:colcon.colcon_core.package_identification:_identify(.) by extension 'ros'
[1.265s] Level 1:colcon.colcon_core.package_identification:_identify(.) by extensions ['cmake', 'python']
[1.265s] Level 1:colcon.colcon_core.package_identification:_identify(.) by extension 'cmake'
[1.266s] Level 1:colcon.colcon_core.package_identification:_identify(.) by extension 'python'
[1.266s] Level 1:colcon.colcon_core.package_identification:_identify(.) by extensions ['python_setup_py']
[1.266s] Level 1:colcon.colcon_core.package_identification:_identify(.) by extension 'python_setup_py'
[1.266s] Level 1:colcon.colcon_core.package_identification:_identify(build) by extensions ['ignore', 'ignore_ament_install']
[1.266s] Level 1:colcon.colcon_core.package_identification:_identify(build) by extension 'ignore'
[1.266s] Level 1:colcon.colcon_core.package_identification:_identify(build) ignored
[1.266s] Level 1:colcon.colcon_core.package_identification:_identify(install) by extensions ['ignore', 'ignore_ament_install']
[1.266s] Level 1:colcon.colcon_core.package_identification:_identify(install) by extension 'ignore'
[1.266s] Level 1:colcon.colcon_core.package_identification:_identify(install) ignored
[1.266s] Level 1:colcon.colcon_core.package_identification:_identify(log) by extensions ['ignore', 'ignore_ament_install']
[1.267s] Level 1:colcon.colcon_core.package_identification:_identify(log) by extension 'ignore'
[1.267s] Level 1:colcon.colcon_core.package_identification:_identify(log) ignored
[1.267s] Level 1:colcon.colcon_core.package_identification:_identify(src) by extensions ['ignore', 'ignore_ament_install']
[1.267s] Level 1:colcon.colcon_core.package_identification:_identify(src) by extension 'ignore'
[1.267s] Level 1:colcon.colcon_core.package_identification:_identify(src) by extension 'ignore_ament_install'
[1.267s] Level 1:colcon.colcon_core.package_identification:_identify(src) by extensions ['colcon_pkg']
[1.267s] Level 1:colcon.colcon_core.package_identification:_identify(src) by extension 'colcon_pkg'
[1.267s] Level 1:colcon.colcon_core.package_identification:_identify(src) by extensions ['colcon_meta']
[1.267s] Level 1:colcon.colcon_core.package_identification:_identify(src) by extension 'colcon_meta'
[1.267s] Level 1:colcon.colcon_core.package_identification:_identify(src) by extensions ['ros']
[1.267s] Level 1:colcon.colcon_core.package_identification:_identify(src) by extension 'ros'
[1.267s] Level 1:colcon.colcon_core.package_identification:_identify(src) by extensions ['cmake', 'python']
[1.267s] Level 1:colcon.colcon_core.package_identification:_identify(src) by extension 'cmake'
[1.267s] Level 1:colcon.colcon_core.package_identification:_identify(src) by extension 'python'
[1.267s] Level 1:colcon.colcon_core.package_identification:_identify(src) by extensions ['python_setup_py']
[1.267s] Level 1:colcon.colcon_core.package_identification:_identify(src) by extension 'python_setup_py'
[1.267s] Level 1:colcon.colcon_core.package_identification:_identify(src/bot_description) by extensions ['ignore', 'ignore_ament_install']
[1.268s] Level 1:colcon.colcon_core.package_identification:_identify(src/bot_description) by extension 'ignore'
[1.268s] Level 1:colcon.colcon_core.package_identification:_identify(src/bot_description) by extension 'ignore_ament_install'
[1.268s] Level 1:colcon.colcon_core.package_identification:_identify(src/bot_description) by extensions ['colcon_pkg']
[1.268s] Level 1:colcon.colcon_core.package_identification:_identify(src/bot_description) by extension 'colcon_pkg'
[1.268s] Level 1:colcon.colcon_core.package_identification:_identify(src/bot_description) by extensions ['colcon_meta']
[1.268s] Level 1:colcon.colcon_core.package_identification:_identify(src/bot_description) by extension 'colcon_meta'
[1.268s] Level 1:colcon.colcon_core.package_identification:_identify(src/bot_description) by extensions ['ros']
[1.268s] Level 1:colcon.colcon_core.package_identification:_identify(src/bot_description) by extension 'ros'
[1.270s] DEBUG:colcon.colcon_core.package_identification:Package 'src/bot_description' with type 'ros.ament_python' and name 'bot_description'
[1.270s] Level 1:colcon.colcon_core.package_identification:_identify(src/bot_world) by extensions ['ignore', 'ignore_ament_install']
[1.271s] Level 1:colcon.colcon_core.package_identification:_identify(src/bot_world) by extension 'ignore'
[1.271s] Level 1:colcon.colcon_core.package_identification:_identify(src/bot_world) by extension 'ignore_ament_install'
[1.271s] Level 1:colcon.colcon_core.package_identification:_identify(src/bot_world) by extensions ['colcon_pkg']
[1.271s] Level 1:colcon.colcon_core.package_identification:_identify(src/bot_world) by extension 'colcon_pkg'
[1.271s] Level 1:colcon.colcon_core.package_identification:_identify(src/bot_world) by extensions ['colcon_meta']
[1.271s] Level 1:colcon.colcon_core.package_identification:_identify(src/bot_world) by extension 'colcon_meta'
[1.271s] Level 1:colcon.colcon_core.package_identification:_identify(src/bot_world) by extensions ['ros']
[1.271s] Level 1:colcon.colcon_core.package_identification:_identify(src/bot_world) by extension 'ros'
[1.271s] DEBUG:colcon.colcon_core.package_identification:Package 'src/bot_world' with type 'ros.ament_python' and name 'bot_world'
[1.271s] Level 1:colcon.colcon_core.package_discovery:discover_packages(recursive) using defaults
[1.271s] Level 1:colcon.colcon_core.package_discovery:discover_packages(ignore) discover
[1.271s] Level 1:colcon.colcon_core.package_discovery:discover_packages(ignore) using defaults
[1.271s] Level 1:colcon.colcon_core.package_discovery:discover_packages(path) discover
[1.272s] Level 1:colcon.colcon_core.package_discovery:discover_packages(path) using defaults
[1.403s] Level 1:colcon.colcon_core.package_discovery:discover_packages(prefix_path) check parameters
[1.403s] Level 1:colcon.colcon_core.package_discovery:discover_packages(prefix_path) discover
[1.445s] DEBUG:colcon.colcon_installed_package_information.package_discovery:Found 3 installed packages in /home/tirth/tirth_ws/install
[1.465s] DEBUG:colcon.colcon_installed_package_information.package_discovery:Found 8 installed packages in /home/tirth/colcon_ws/install
[1.486s] DEBUG:colcon.colcon_installed_package_information.package_discovery:Found 312 installed packages in /opt/ros/humble
[1.488s] Level 1:colcon.colcon_core.package_discovery:discover_packages(prefix_path) using defaults
[1.603s] Level 5:colcon.colcon_core.verb:set package 'bot_description' build argument 'cmake_args' from command line to 'None'
[1.603s] Level 5:colcon.colcon_core.verb:set package 'bot_description' build argument 'cmake_target' from command line to 'None'
[1.603s] Level 5:colcon.colcon_core.verb:set package 'bot_description' build argument 'cmake_target_skip_unavailable' from command line to 'False'
[1.603s] Level 5:colcon.colcon_core.verb:set package 'bot_description' build argument 'cmake_clean_cache' from command line to 'False'
[1.603s] Level 5:colcon.colcon_core.verb:set package 'bot_description' build argument 'cmake_clean_first' from command line to 'False'
[1.603s] Level 5:colcon.colcon_core.verb:set package 'bot_description' build argument 'cmake_force_configure' from command line to 'False'
[1.603s] Level 5:colcon.colcon_core.verb:set package 'bot_description' build argument 'ament_cmake_args' from command line to 'None'
[1.603s] Level 5:colcon.colcon_core.verb:set package 'bot_description' build argument 'catkin_cmake_args' from command line to 'None'
[1.603s] Level 5:colcon.colcon_core.verb:set package 'bot_description' build argument 'catkin_skip_building_tests' from command line to 'False'
[1.604s] DEBUG:colcon.colcon_core.verb:Building package 'bot_description' with the following arguments: {'ament_cmake_args': None, 'build_base': '/home/tirth/tirth_ws/build/bot_description', 'catkin_cmake_args': None, 'catkin_skip_building_tests': False, 'cmake_args': None, 'cmake_clean_cache': False, 'cmake_clean_first': False, 'cmake_force_configure': False, 'cmake_target': None, 'cmake_target_skip_unavailable': False, 'install_base': '/home/tirth/tirth_ws/install/bot_description', 'merge_install': False, 'path': '/home/tirth/tirth_ws/src/bot_description', 'symlink_install': False, 'test_result_base': None}
[1.625s] Level 5:colcon.colcon_core.verb:set package 'bot_world' build argument 'cmake_args' from command line to 'None'
[1.626s] Level 5:colcon.colcon_core.verb:set package 'bot_world' build argument 'cmake_target' from command line to 'None'
[1.626s] Level 5:colcon.colcon_core.verb:set package 'bot_world' build argument 'cmake_target_skip_unavailable' from command line to 'False'
[1.626s] Level 5:colcon.colcon_core.verb:set package 'bot_world' build argument 'cmake_clean_cache' from command line to 'False'
[1.626s] Level 5:colcon.colcon_core.verb:set package 'bot_world' build argument 'cmake_clean_first' from command line to 'False'
[1.626s] Level 5:colcon.colcon_core.verb:set package 'bot_world' build argument 'cmake_force_configure' from command line to 'False'
[1.626s] Level 5:colcon.colcon_core.verb:set package 'bot_world' build argument 'ament_cmake_args' from command line to 'None'
[1.626s] Level 5:colcon.colcon_core.verb:set package 'bot_world' build argument 'catkin_cmake_args' from command line to 'None'
[1.626s] Level 5:colcon.colcon_core.verb:set package 'bot_world' build argument 'catkin_skip_building_tests' from command line to 'False'
[1.626s] DEBUG:colcon.colcon_core.verb:Building package 'bot_world' with the following arguments: {'ament_cmake_args': None, 'build_base': '/home/tirth/tirth_ws/build/bot_world', 'catkin_cmake_args': None, 'catkin_skip_building_tests': False, 'cmake_args': None, 'cmake_clean_cache': False, 'cmake_clean_first': False, 'cmake_force_configure': False, 'cmake_target': None, 'cmake_target_skip_unavailable': False, 'install_base': '/home/tirth/tirth_ws/install/bot_world', 'merge_install': False, 'path': '/home/tirth/tirth_ws/src/bot_world', 'symlink_install': False, 'test_result_base': None}
[1.648s] INFO:colcon.colcon_core.executor:Executing jobs using 'parallel' executor
[1.670s] DEBUG:colcon.colcon_parallel_executor.executor.parallel:run_until_complete
[1.670s] INFO:colcon.colcon_ros.task.ament_python.build:Building ROS package in '/home/tirth/tirth_ws/src/bot_description' with build type 'ament_python'
[1.670s] Level 1:colcon.colcon_core.shell:create_environment_hook('bot_description', 'ament_prefix_path')
[1.693s] INFO:colcon.colcon_core.plugin_system:Skipping extension 'colcon_core.shell.bat': Not used on non-Windows systems
[1.694s] INFO:colcon.colcon_core.shell:Creating environment hook '/home/tirth/tirth_ws/install/bot_description/share/bot_description/hook/ament_prefix_path.ps1'
[1.694s] INFO:colcon.colcon_core.shell:Creating environment descriptor '/home/tirth/tirth_ws/install/bot_description/share/bot_description/hook/ament_prefix_path.dsv'
[1.695s] INFO:colcon.colcon_core.shell:Creating environment hook '/home/tirth/tirth_ws/install/bot_description/share/bot_description/hook/ament_prefix_path.sh'
[1.716s] INFO:colcon.colcon_core.shell:Skip shell extension 'powershell' for command environment: Not usable outside of PowerShell
[1.716s] DEBUG:colcon.colcon_core.shell:Skip shell extension 'dsv' for command environment
[1.805s] INFO:colcon.colcon_ros.task.ament_python.build:Building ROS package in '/home/tirth/tirth_ws/src/bot_world' with build type 'ament_python'
[1.805s] Level 1:colcon.colcon_core.shell:create_environment_hook('bot_world', 'ament_prefix_path')
[1.827s] INFO:colcon.colcon_core.shell:Creating environment hook '/home/tirth/tirth_ws/install/bot_world/share/bot_world/hook/ament_prefix_path.ps1'
[1.827s] INFO:colcon.colcon_core.shell:Creating environment descriptor '/home/tirth/tirth_ws/install/bot_world/share/bot_world/hook/ament_prefix_path.dsv'
[1.827s] INFO:colcon.colcon_core.shell:Creating environment hook '/home/tirth/tirth_ws/install/bot_world/share/bot_world/hook/ament_prefix_path.sh'
[1.849s] INFO:colcon.colcon_core.shell:Skip shell extension 'powershell' for command environment: Not usable outside of PowerShell
[1.849s] DEBUG:colcon.colcon_core.shell:Skip shell extension 'dsv' for command environment
[2.269s] INFO:colcon.colcon_core.task.python.build:Building Python package in '/home/tirth/tirth_ws/src/bot_description'
[2.291s] INFO:colcon.colcon_core.shell:Skip shell extension 'powershell' for command environment: Not usable outside of PowerShell
[2.291s] DEBUG:colcon.colcon_core.shell:Skip shell extension 'dsv' for command environment
[2.698s] INFO:colcon.colcon_core.task.python.build:Building Python package in '/home/tirth/tirth_ws/src/bot_world'
[2.718s] INFO:colcon.colcon_core.shell:Skip shell extension 'powershell' for command environment: Not usable outside of PowerShell
[2.718s] DEBUG:colcon.colcon_core.shell:Skip shell extension 'dsv' for command environment
[3.225s] DEBUG:colcon.colcon_core.event_handler.log_command:Invoking command in '/home/tirth/tirth_ws/src/bot_description': PYTHONPATH=/home/tirth/tirth_ws/build/bot_description/prefix_override:/home/tirth/tirth_ws/install/bot_description/lib/python3.10/site-packages:${PYTHONPATH} /usr/bin/python3 setup.py egg_info --egg-base ../../build/bot_description build --build-base /home/tirth/tirth_ws/build/bot_description/build install --record /home/tirth/tirth_ws/build/bot_description/install.log --single-version-externally-managed
[3.232s] DEBUG:colcon.colcon_core.event_handler.log_command:Invoking command in '/home/tirth/tirth_ws/src/bot_world': PYTHONPATH=/home/tirth/tirth_ws/build/bot_world/prefix_override:/home/tirth/tirth_ws/install/bot_world/lib/python3.10/site-packages:${PYTHONPATH} /usr/bin/python3 setup.py egg_info --egg-base ../../build/bot_world build --build-base /home/tirth/tirth_ws/build/bot_world/build install --record /home/tirth/tirth_ws/build/bot_world/install.log --single-version-externally-managed
[3.602s] DEBUG:colcon.colcon_core.event_handler.log_command:Invoked command in '/home/tirth/tirth_ws/src/bot_world' returned '0': PYTHONPATH=/home/tirth/tirth_ws/build/bot_world/prefix_override:/home/tirth/tirth_ws/install/bot_world/lib/python3.10/site-packages:${PYTHONPATH} /usr/bin/python3 setup.py egg_info --egg-base ../../build/bot_world build --build-base /home/tirth/tirth_ws/build/bot_world/build install --record /home/tirth/tirth_ws/build/bot_world/install.log --single-version-externally-managed
[3.627s] Level 1:colcon.colcon_core.environment:checking '/home/tirth/tirth_ws/install/bot_world' for CMake module files
[3.627s] Level 1:colcon.colcon_core.environment:checking '/home/tirth/tirth_ws/install/bot_world' for CMake config files
[3.628s] Level 1:colcon.colcon_core.environment:checking '/home/tirth/tirth_ws/install/bot_world/lib'
[3.628s] Level 1:colcon.colcon_core.environment:checking '/home/tirth/tirth_ws/install/bot_world/bin'
[3.628s] Level 1:colcon.colcon_core.environment:checking '/home/tirth/tirth_ws/install/bot_world/lib/pkgconfig/bot_world.pc'
[3.628s] Level 1:colcon.colcon_core.environment:checking '/home/tirth/tirth_ws/install/bot_world/lib/python3.10/site-packages'
[3.628s] Level 1:colcon.colcon_core.shell:create_environment_hook('bot_world', 'pythonpath')
[3.648s] INFO:colcon.colcon_core.shell:Creating environment hook '/home/tirth/tirth_ws/install/bot_world/share/bot_world/hook/pythonpath.ps1'
[3.649s] INFO:colcon.colcon_core.shell:Creating environment descriptor '/home/tirth/tirth_ws/install/bot_world/share/bot_world/hook/pythonpath.dsv'
[3.649s] INFO:colcon.colcon_core.shell:Creating environment hook '/home/tirth/tirth_ws/install/bot_world/share/bot_world/hook/pythonpath.sh'
[3.650s] Level 1:colcon.colcon_core.environment:checking '/home/tirth/tirth_ws/install/bot_world/bin'
[3.650s] Level 1:colcon.colcon_core.environment:create_environment_scripts_only(bot_world)
[3.670s] INFO:colcon.colcon_core.shell:Creating package script '/home/tirth/tirth_ws/install/bot_world/share/bot_world/package.ps1'
[3.670s] INFO:colcon.colcon_core.shell:Creating package descriptor '/home/tirth/tirth_ws/install/bot_world/share/bot_world/package.dsv'
[3.671s] INFO:colcon.colcon_core.shell:Creating package script '/home/tirth/tirth_ws/install/bot_world/share/bot_world/package.sh'
[3.672s] INFO:colcon.colcon_core.shell:Creating package script '/home/tirth/tirth_ws/install/bot_world/share/bot_world/package.bash'
[3.672s] INFO:colcon.colcon_core.shell:Creating package script '/home/tirth/tirth_ws/install/bot_world/share/bot_world/package.zsh'
[3.673s] Level 1:colcon.colcon_core.environment:create_file_with_runtime_dependencies(/home/tirth/tirth_ws/install/bot_world/share/colcon-core/packages/bot_world)
[3.675s] DEBUG:colcon.colcon_core.event_handler.log_command:Invoked command in '/home/tirth/tirth_ws/src/bot_description' returned '0': PYTHONPATH=/home/tirth/tirth_ws/build/bot_description/prefix_override:/home/tirth/tirth_ws/install/bot_description/lib/python3.10/site-packages:${PYTHONPATH} /usr/bin/python3 setup.py egg_info --egg-base ../../build/bot_description build --build-base /home/tirth/tirth_ws/build/bot_description/build install --record /home/tirth/tirth_ws/build/bot_description/install.log --single-version-externally-managed
[3.694s] Level 1:colcon.colcon_core.environment:checking '/home/tirth/tirth_ws/install/bot_description' for CMake module files
[3.695s] Level 1:colcon.colcon_core.environment:checking '/home/tirth/tirth_ws/install/bot_description' for CMake config files
[3.695s] Level 1:colcon.colcon_core.environment:checking '/home/tirth/tirth_ws/install/bot_description/lib'
[3.695s] Level 1:colcon.colcon_core.environment:checking '/home/tirth/tirth_ws/install/bot_description/bin'
[3.695s] Level 1:colcon.colcon_core.environment:checking '/home/tirth/tirth_ws/install/bot_description/lib/pkgconfig/bot_description.pc'
[3.695s] Level 1:colcon.colcon_core.environment:checking '/home/tirth/tirth_ws/install/bot_description/lib/python3.10/site-packages'
[3.696s] Level 1:colcon.colcon_core.shell:create_environment_hook('bot_description', 'pythonpath')
[3.715s] INFO:colcon.colcon_core.shell:Creating environment hook '/home/tirth/tirth_ws/install/bot_description/share/bot_description/hook/pythonpath.ps1'
[3.716s] INFO:colcon.colcon_core.shell:Creating environment descriptor '/home/tirth/tirth_ws/install/bot_description/share/bot_description/hook/pythonpath.dsv'
[3.716s] INFO:colcon.colcon_core.shell:Creating environment hook '/home/tirth/tirth_ws/install/bot_description/share/bot_description/hook/pythonpath.sh'
[3.717s] Level 1:colcon.colcon_core.environment:checking '/home/tirth/tirth_ws/install/bot_description/bin'
[3.717s] Level 1:colcon.colcon_core.environment:create_environment_scripts_only(bot_description)
[3.737s] INFO:colcon.colcon_core.shell:Creating package script '/home/tirth/tirth_ws/install/bot_description/share/bot_description/package.ps1'
[3.737s] INFO:colcon.colcon_core.shell:Creating package descriptor '/home/tirth/tirth_ws/install/bot_description/share/bot_description/package.dsv'
[3.738s] INFO:colcon.colcon_core.shell:Creating package script '/home/tirth/tirth_ws/install/bot_description/share/bot_description/package.sh'
[3.738s] INFO:colcon.colcon_core.shell:Creating package script '/home/tirth/tirth_ws/install/bot_description/share/bot_description/package.bash'
[3.738s] INFO:colcon.colcon_core.shell:Creating package script '/home/tirth/tirth_ws/install/bot_description/share/bot_description/package.zsh'
[3.739s] Level 1:colcon.colcon_core.environment:create_file_with_runtime_dependencies(/home/tirth/tirth_ws/install/bot_description/share/colcon-core/packages/bot_description)
[3.739s] DEBUG:colcon.colcon_parallel_executor.executor.parallel:closing loop
[3.739s] DEBUG:colcon.colcon_parallel_executor.executor.parallel:loop closed
[3.739s] DEBUG:colcon.colcon_parallel_executor.executor.parallel:run_until_complete finished with '0'
[3.739s] DEBUG:colcon.colcon_core.event_reactor:joining thread
[3.764s] INFO:colcon.colcon_core.plugin_system:Skipping extension 'colcon_notification.desktop_notification.terminal_notifier': Not used on non-Darwin systems
[3.764s] INFO:colcon.colcon_core.plugin_system:Skipping extension 'colcon_notification.desktop_notification.win32': Not used on non-Windows systems
[3.764s] INFO:colcon.colcon_notification.desktop_notification:Sending desktop notification using 'notify2'
[3.802s] DEBUG:colcon.colcon_core.event_reactor:joined thread
[3.853s] INFO:colcon.colcon_core.shell:Creating prefix script '/home/tirth/tirth_ws/install/local_setup.ps1'
[3.854s] INFO:colcon.colcon_core.shell:Creating prefix util module '/home/tirth/tirth_ws/install/_local_setup_util_ps1.py'
[3.855s] INFO:colcon.colcon_core.shell:Creating prefix chain script '/home/tirth/tirth_ws/install/setup.ps1'
[3.877s] INFO:colcon.colcon_core.shell:Creating prefix script '/home/tirth/tirth_ws/install/local_setup.sh'
[3.877s] INFO:colcon.colcon_core.shell:Creating prefix util module '/home/tirth/tirth_ws/install/_local_setup_util_sh.py'
[3.878s] INFO:colcon.colcon_core.shell:Creating prefix chain script '/home/tirth/tirth_ws/install/setup.sh'
[3.899s] INFO:colcon.colcon_core.shell:Creating prefix script '/home/tirth/tirth_ws/install/local_setup.bash'
[3.900s] INFO:colcon.colcon_core.shell:Creating prefix chain script '/home/tirth/tirth_ws/install/setup.bash'
[3.921s] INFO:colcon.colcon_core.shell:Creating prefix script '/home/tirth/tirth_ws/install/local_setup.zsh'
[3.922s] INFO:colcon.colcon_core.shell:Creating prefix chain script '/home/tirth/tirth_ws/install/setup.zsh'
