/home/tirth/tirth_ws/install/bot_control/lib/python3.10/site-packages/bot_control/__init__.py
/home/tirth/tirth_ws/install/bot_control/lib/python3.10/site-packages/bot_control/filter.py
/home/tirth/tirth_ws/install/bot_control/lib/python3.10/site-packages/bot_control/__pycache__/__init__.cpython-310.pyc
/home/tirth/tirth_ws/install/bot_control/lib/python3.10/site-packages/bot_control/__pycache__/filter.cpython-310.pyc
/home/tirth/tirth_ws/install/bot_control/share/ament_index/resource_index/packages/bot_control
/home/tirth/tirth_ws/install/bot_control/share/bot_control/package.xml
/home/tirth/tirth_ws/install/bot_control/share/bot_control/launch/filter.launch.py
/home/tirth/tirth_ws/install/bot_control/share/bot_control/world/bot.world
/home/tirth/tirth_ws/install/bot_control/share/bot_control/meshes/wheel_r.stl
/home/tirth/tirth_ws/install/bot_control/share/bot_control/meshes/wheel.obj
/home/tirth/tirth_ws/install/bot_control/share/bot_control/meshes/front_caster.dae
/home/tirth/tirth_ws/install/bot_control/share/bot_control/meshes/front_caster.obj
/home/tirth/tirth_ws/install/bot_control/share/bot_control/meshes/wheel_l.stl
/home/tirth/tirth_ws/install/bot_control/share/bot_control/meshes/wheel_r.dae
/home/tirth/tirth_ws/install/bot_control/share/bot_control/meshes/base_link.dae
/home/tirth/tirth_ws/install/bot_control/share/bot_control/meshes/wheel_l.dae
/home/tirth/tirth_ws/install/bot_control/share/bot_control/meshes/base_link.stl
/home/tirth/tirth_ws/install/bot_control/share/bot_control/meshes/wheel.mtl
/home/tirth/tirth_ws/install/bot_control/share/bot_control/meshes/front_caster.stl
/home/tirth/tirth_ws/install/bot_control/share/bot_control/meshes/front_caster.mtl
/home/tirth/tirth_ws/install/bot_control/share/bot_control/meshes/center.mtl
/home/tirth/tirth_ws/install/bot_control/share/bot_control/meshes/center.obj
/home/tirth/tirth_ws/install/bot_control/share/bot_control/urdf/bot2.urdf
/home/tirth/tirth_ws/install/bot_control/share/bot_control/urdf/bot.urdf
/home/tirth/tirth_ws/install/bot_control/lib/python3.10/site-packages/bot_control-0.0.0-py3.10.egg-info/requires.txt
/home/tirth/tirth_ws/install/bot_control/lib/python3.10/site-packages/bot_control-0.0.0-py3.10.egg-info/zip-safe
/home/tirth/tirth_ws/install/bot_control/lib/python3.10/site-packages/bot_control-0.0.0-py3.10.egg-info/top_level.txt
/home/tirth/tirth_ws/install/bot_control/lib/python3.10/site-packages/bot_control-0.0.0-py3.10.egg-info/entry_points.txt
/home/tirth/tirth_ws/install/bot_control/lib/python3.10/site-packages/bot_control-0.0.0-py3.10.egg-info/dependency_links.txt
/home/tirth/tirth_ws/install/bot_control/lib/python3.10/site-packages/bot_control-0.0.0-py3.10.egg-info/SOURCES.txt
/home/tirth/tirth_ws/install/bot_control/lib/python3.10/site-packages/bot_control-0.0.0-py3.10.egg-info/PKG-INFO
/home/tirth/tirth_ws/install/bot_control/lib/bot_control/filter
