[7.994s] DEBUG:colcon:Command line arguments: ['/usr/bin/colcon', 'build']
[7.995s] DEBUG:colcon:Parsed command line arguments: Namespace(log_base=None, log_level=None, verb_name='build', build_base='build', install_base='install', merge_install=False, symlink_install=False, test_result_base=None, continue_on_error=False, executor='parallel', parallel_workers=8, event_handlers=None, ignore_user_meta=False, metas=['./colcon.meta'], base_paths=['.'], packages_ignore=None, packages_ignore_regex=None, paths=None, packages_up_to=None, packages_up_to_regex=None, packages_above=None, packages_above_and_dependencies=None, packages_above_depth=None, packages_select_by_dep=None, packages_skip_by_dep=None, packages_skip_up_to=None, packages_select_build_failed=False, packages_skip_build_finished=False, packages_select_test_failures=False, packages_skip_test_passed=False, packages_select=None, packages_skip=None, packages_select_regex=None, packages_skip_regex=None, packages_start=None, packages_end=None, allow_overriding=[], cmake_args=None, cmake_target=None, cmake_target_skip_unavailable=False, cmake_clean_cache=False, cmake_clean_first=False, cmake_force_configure=False, ament_cmake_args=None, catkin_cmake_args=None, catkin_skip_building_tests=False, verb_parser=<colcon_defaults.argument_parser.defaults.DefaultArgumentsDecorator object at 0x752806ff53f0>, verb_extension=<colcon_core.verb.build.BuildVerb object at 0x752806ff7400>, main=<bound method BuildVerb.main of <colcon_core.verb.build.BuildVerb object at 0x752806ff7400>>)
[8.375s] Level 1:colcon.colcon_core.package_discovery:discover_packages(colcon_meta) check parameters
[8.375s] Level 1:colcon.colcon_core.package_discovery:discover_packages(recursive) check parameters
[8.375s] Level 1:colcon.colcon_core.package_discovery:discover_packages(ignore) check parameters
[8.375s] Level 1:colcon.colcon_core.package_discovery:discover_packages(path) check parameters
[8.375s] Level 1:colcon.colcon_core.package_discovery:discover_packages(colcon_meta) discover
[8.375s] Level 1:colcon.colcon_core.package_discovery:discover_packages(recursive) discover
[8.375s] INFO:colcon.colcon_core.package_discovery:Crawling recursively for packages in '/home/tirth/tirth_ws'
[8.375s] Level 1:colcon.colcon_core.package_identification:_identify(.) by extensions ['ignore', 'ignore_ament_install']
[8.376s] Level 1:colcon.colcon_core.package_identification:_identify(.) by extension 'ignore'
[8.376s] Level 1:colcon.colcon_core.package_identification:_identify(.) by extension 'ignore_ament_install'
[8.376s] Level 1:colcon.colcon_core.package_identification:_identify(.) by extensions ['colcon_pkg']
[8.376s] Level 1:colcon.colcon_core.package_identification:_identify(.) by extension 'colcon_pkg'
[8.376s] Level 1:colcon.colcon_core.package_identification:_identify(.) by extensions ['colcon_meta']
[8.376s] Level 1:colcon.colcon_core.package_identification:_identify(.) by extension 'colcon_meta'
[8.376s] Level 1:colcon.colcon_core.package_identification:_identify(.) by extensions ['ros']
[8.376s] Level 1:colcon.colcon_core.package_identification:_identify(.) by extension 'ros'
[8.426s] Level 1:colcon.colcon_core.package_identification:_identify(.) by extensions ['cmake', 'python']
[8.426s] Level 1:colcon.colcon_core.package_identification:_identify(.) by extension 'cmake'
[8.426s] Level 1:colcon.colcon_core.package_identification:_identify(.) by extension 'python'
[8.426s] Level 1:colcon.colcon_core.package_identification:_identify(.) by extensions ['python_setup_py']
[8.426s] Level 1:colcon.colcon_core.package_identification:_identify(.) by extension 'python_setup_py'
[8.438s] Level 1:colcon.colcon_core.package_identification:_identify(build) by extensions ['ignore', 'ignore_ament_install']
[8.438s] Level 1:colcon.colcon_core.package_identification:_identify(build) by extension 'ignore'
[8.438s] Level 1:colcon.colcon_core.package_identification:_identify(build) ignored
[8.438s] Level 1:colcon.colcon_core.package_identification:_identify(install) by extensions ['ignore', 'ignore_ament_install']
[8.438s] Level 1:colcon.colcon_core.package_identification:_identify(install) by extension 'ignore'
[8.438s] Level 1:colcon.colcon_core.package_identification:_identify(install) ignored
[8.438s] Level 1:colcon.colcon_core.package_identification:_identify(log) by extensions ['ignore', 'ignore_ament_install']
[8.438s] Level 1:colcon.colcon_core.package_identification:_identify(log) by extension 'ignore'
[8.439s] Level 1:colcon.colcon_core.package_identification:_identify(log) ignored
[8.439s] Level 1:colcon.colcon_core.package_identification:_identify(src) by extensions ['ignore', 'ignore_ament_install']
[8.439s] Level 1:colcon.colcon_core.package_identification:_identify(src) by extension 'ignore'
[8.439s] Level 1:colcon.colcon_core.package_identification:_identify(src) by extension 'ignore_ament_install'
[8.439s] Level 1:colcon.colcon_core.package_identification:_identify(src) by extensions ['colcon_pkg']
[8.439s] Level 1:colcon.colcon_core.package_identification:_identify(src) by extension 'colcon_pkg'
[8.439s] Level 1:colcon.colcon_core.package_identification:_identify(src) by extensions ['colcon_meta']
[8.439s] Level 1:colcon.colcon_core.package_identification:_identify(src) by extension 'colcon_meta'
[8.439s] Level 1:colcon.colcon_core.package_identification:_identify(src) by extensions ['ros']
[8.439s] Level 1:colcon.colcon_core.package_identification:_identify(src) by extension 'ros'
[8.439s] Level 1:colcon.colcon_core.package_identification:_identify(src) by extensions ['cmake', 'python']
[8.439s] Level 1:colcon.colcon_core.package_identification:_identify(src) by extension 'cmake'
[8.439s] Level 1:colcon.colcon_core.package_identification:_identify(src) by extension 'python'
[8.439s] Level 1:colcon.colcon_core.package_identification:_identify(src) by extensions ['python_setup_py']
[8.439s] Level 1:colcon.colcon_core.package_identification:_identify(src) by extension 'python_setup_py'
[8.439s] Level 1:colcon.colcon_core.package_identification:_identify(src/bot_description) by extensions ['ignore', 'ignore_ament_install']
[8.439s] Level 1:colcon.colcon_core.package_identification:_identify(src/bot_description) by extension 'ignore'
[8.440s] Level 1:colcon.colcon_core.package_identification:_identify(src/bot_description) by extension 'ignore_ament_install'
[8.440s] Level 1:colcon.colcon_core.package_identification:_identify(src/bot_description) by extensions ['colcon_pkg']
[8.440s] Level 1:colcon.colcon_core.package_identification:_identify(src/bot_description) by extension 'colcon_pkg'
[8.440s] Level 1:colcon.colcon_core.package_identification:_identify(src/bot_description) by extensions ['colcon_meta']
[8.440s] Level 1:colcon.colcon_core.package_identification:_identify(src/bot_description) by extension 'colcon_meta'
[8.440s] Level 1:colcon.colcon_core.package_identification:_identify(src/bot_description) by extensions ['ros']
[8.440s] Level 1:colcon.colcon_core.package_identification:_identify(src/bot_description) by extension 'ros'
[8.488s] DEBUG:colcon.colcon_core.package_identification:Package 'src/bot_description' with type 'ros.ament_python' and name 'bot_description'
[8.488s] Level 1:colcon.colcon_core.package_discovery:discover_packages(recursive) using defaults
[8.489s] Level 1:colcon.colcon_core.package_discovery:discover_packages(ignore) discover
[8.489s] Level 1:colcon.colcon_core.package_discovery:discover_packages(ignore) using defaults
[8.489s] Level 1:colcon.colcon_core.package_discovery:discover_packages(path) discover
[8.489s] Level 1:colcon.colcon_core.package_discovery:discover_packages(path) using defaults
[8.983s] Level 1:colcon.colcon_core.package_discovery:discover_packages(prefix_path) check parameters
[8.983s] Level 1:colcon.colcon_core.package_discovery:discover_packages(prefix_path) discover
[9.192s] DEBUG:colcon.colcon_installed_package_information.package_discovery:Found 1 installed packages in /home/tirth/tirth_ws/install
[9.213s] DEBUG:colcon.colcon_installed_package_information.package_discovery:Found 8 installed packages in /home/tirth/colcon_ws/install
[9.234s] DEBUG:colcon.colcon_installed_package_information.package_discovery:Found 310 installed packages in /opt/ros/humble
[9.235s] Level 1:colcon.colcon_core.package_discovery:discover_packages(prefix_path) using defaults
[10.821s] Level 5:colcon.colcon_core.verb:set package 'bot_description' build argument 'cmake_args' from command line to 'None'
[10.821s] Level 5:colcon.colcon_core.verb:set package 'bot_description' build argument 'cmake_target' from command line to 'None'
[10.821s] Level 5:colcon.colcon_core.verb:set package 'bot_description' build argument 'cmake_target_skip_unavailable' from command line to 'False'
[10.821s] Level 5:colcon.colcon_core.verb:set package 'bot_description' build argument 'cmake_clean_cache' from command line to 'False'
[10.821s] Level 5:colcon.colcon_core.verb:set package 'bot_description' build argument 'cmake_clean_first' from command line to 'False'
[10.821s] Level 5:colcon.colcon_core.verb:set package 'bot_description' build argument 'cmake_force_configure' from command line to 'False'
[10.821s] Level 5:colcon.colcon_core.verb:set package 'bot_description' build argument 'ament_cmake_args' from command line to 'None'
[10.821s] Level 5:colcon.colcon_core.verb:set package 'bot_description' build argument 'catkin_cmake_args' from command line to 'None'
[10.821s] Level 5:colcon.colcon_core.verb:set package 'bot_description' build argument 'catkin_skip_building_tests' from command line to 'False'
[10.821s] DEBUG:colcon.colcon_core.verb:Building package 'bot_description' with the following arguments: {'ament_cmake_args': None, 'build_base': '/home/tirth/tirth_ws/build/bot_description', 'catkin_cmake_args': None, 'catkin_skip_building_tests': False, 'cmake_args': None, 'cmake_clean_cache': False, 'cmake_clean_first': False, 'cmake_force_configure': False, 'cmake_target': None, 'cmake_target_skip_unavailable': False, 'install_base': '/home/tirth/tirth_ws/install/bot_description', 'merge_install': False, 'path': '/home/tirth/tirth_ws/src/bot_description', 'symlink_install': False, 'test_result_base': None}
[10.840s] INFO:colcon.colcon_core.executor:Executing jobs using 'parallel' executor
[10.860s] DEBUG:colcon.colcon_parallel_executor.executor.parallel:run_until_complete
[10.861s] INFO:colcon.colcon_ros.task.ament_python.build:Building ROS package in '/home/tirth/tirth_ws/src/bot_description' with build type 'ament_python'
[10.861s] Level 1:colcon.colcon_core.shell:create_environment_hook('bot_description', 'ament_prefix_path')
[11.245s] INFO:colcon.colcon_core.plugin_system:Skipping extension 'colcon_core.shell.bat': Not used on non-Windows systems
[11.246s] INFO:colcon.colcon_core.shell:Creating environment hook '/home/tirth/tirth_ws/install/bot_description/share/bot_description/hook/ament_prefix_path.ps1'
[11.273s] INFO:colcon.colcon_core.shell:Creating environment descriptor '/home/tirth/tirth_ws/install/bot_description/share/bot_description/hook/ament_prefix_path.dsv'
[11.286s] INFO:colcon.colcon_core.shell:Creating environment hook '/home/tirth/tirth_ws/install/bot_description/share/bot_description/hook/ament_prefix_path.sh'
[11.336s] INFO:colcon.colcon_core.shell:Skip shell extension 'powershell' for command environment: Not usable outside of PowerShell
[11.336s] DEBUG:colcon.colcon_core.shell:Skip shell extension 'dsv' for command environment
[11.977s] INFO:colcon.colcon_core.task.python.build:Building Python package in '/home/tirth/tirth_ws/src/bot_description'
[11.999s] INFO:colcon.colcon_core.shell:Skip shell extension 'powershell' for command environment: Not usable outside of PowerShell
[11.999s] DEBUG:colcon.colcon_core.shell:Skip shell extension 'dsv' for command environment
[13.241s] DEBUG:colcon.colcon_core.event_handler.log_command:Invoking command in '/home/tirth/tirth_ws/src/bot_description': PYTHONPATH=/home/tirth/tirth_ws/build/bot_description/prefix_override:/home/tirth/tirth_ws/install/bot_description/lib/python3.10/site-packages:${PYTHONPATH} /usr/bin/python3 setup.py egg_info --egg-base ../../build/bot_description build --build-base /home/tirth/tirth_ws/build/bot_description/build install --record /home/tirth/tirth_ws/build/bot_description/install.log --single-version-externally-managed
[13.672s] DEBUG:colcon.colcon_core.event_handler.log_command:Invoked command in '/home/tirth/tirth_ws/src/bot_description' returned '0': PYTHONPATH=/home/tirth/tirth_ws/build/bot_description/prefix_override:/home/tirth/tirth_ws/install/bot_description/lib/python3.10/site-packages:${PYTHONPATH} /usr/bin/python3 setup.py egg_info --egg-base ../../build/bot_description build --build-base /home/tirth/tirth_ws/build/bot_description/build install --record /home/tirth/tirth_ws/build/bot_description/install.log --single-version-externally-managed
[13.776s] Level 1:colcon.colcon_core.environment:checking '/home/tirth/tirth_ws/install/bot_description' for CMake module files
[13.778s] Level 1:colcon.colcon_core.environment:checking '/home/tirth/tirth_ws/install/bot_description' for CMake config files
[13.818s] Level 1:colcon.colcon_core.environment:checking '/home/tirth/tirth_ws/install/bot_description/lib'
[13.818s] Level 1:colcon.colcon_core.environment:checking '/home/tirth/tirth_ws/install/bot_description/bin'
[13.819s] Level 1:colcon.colcon_core.environment:checking '/home/tirth/tirth_ws/install/bot_description/lib/pkgconfig/bot_description.pc'
[13.820s] Level 1:colcon.colcon_core.environment:checking '/home/tirth/tirth_ws/install/bot_description/lib/python3.10/site-packages'
[13.820s] Level 1:colcon.colcon_core.shell:create_environment_hook('bot_description', 'pythonpath')
[13.855s] INFO:colcon.colcon_core.shell:Creating environment hook '/home/tirth/tirth_ws/install/bot_description/share/bot_description/hook/pythonpath.ps1'
[13.855s] INFO:colcon.colcon_core.shell:Creating environment descriptor '/home/tirth/tirth_ws/install/bot_description/share/bot_description/hook/pythonpath.dsv'
[13.855s] INFO:colcon.colcon_core.shell:Creating environment hook '/home/tirth/tirth_ws/install/bot_description/share/bot_description/hook/pythonpath.sh'
[13.856s] Level 1:colcon.colcon_core.environment:checking '/home/tirth/tirth_ws/install/bot_description/bin'
[13.856s] Level 1:colcon.colcon_core.environment:create_environment_scripts_only(bot_description)
[13.878s] INFO:colcon.colcon_core.shell:Creating package script '/home/tirth/tirth_ws/install/bot_description/share/bot_description/package.ps1'
[13.886s] INFO:colcon.colcon_core.shell:Creating package descriptor '/home/tirth/tirth_ws/install/bot_description/share/bot_description/package.dsv'
[13.896s] INFO:colcon.colcon_core.shell:Creating package script '/home/tirth/tirth_ws/install/bot_description/share/bot_description/package.sh'
[13.908s] INFO:colcon.colcon_core.shell:Creating package script '/home/tirth/tirth_ws/install/bot_description/share/bot_description/package.bash'
[13.917s] INFO:colcon.colcon_core.shell:Creating package script '/home/tirth/tirth_ws/install/bot_description/share/bot_description/package.zsh'
[13.918s] Level 1:colcon.colcon_core.environment:create_file_with_runtime_dependencies(/home/tirth/tirth_ws/install/bot_description/share/colcon-core/packages/bot_description)
[13.918s] DEBUG:colcon.colcon_parallel_executor.executor.parallel:closing loop
[13.919s] DEBUG:colcon.colcon_parallel_executor.executor.parallel:loop closed
[13.919s] DEBUG:colcon.colcon_parallel_executor.executor.parallel:run_until_complete finished with '0'
[13.919s] DEBUG:colcon.colcon_core.event_reactor:joining thread
[14.173s] INFO:colcon.colcon_core.plugin_system:Skipping extension 'colcon_notification.desktop_notification.terminal_notifier': Not used on non-Darwin systems
[14.174s] INFO:colcon.colcon_core.plugin_system:Skipping extension 'colcon_notification.desktop_notification.win32': Not used on non-Windows systems
[14.174s] INFO:colcon.colcon_notification.desktop_notification:Sending desktop notification using 'notify2'
[14.244s] DEBUG:colcon.colcon_core.event_reactor:joined thread
[14.280s] INFO:colcon.colcon_core.shell:Creating prefix script '/home/tirth/tirth_ws/install/local_setup.ps1'
[14.282s] INFO:colcon.colcon_core.shell:Creating prefix util module '/home/tirth/tirth_ws/install/_local_setup_util_ps1.py'
[14.283s] INFO:colcon.colcon_core.shell:Creating prefix chain script '/home/tirth/tirth_ws/install/setup.ps1'
[14.305s] INFO:colcon.colcon_core.shell:Creating prefix script '/home/tirth/tirth_ws/install/local_setup.sh'
[14.306s] INFO:colcon.colcon_core.shell:Creating prefix util module '/home/tirth/tirth_ws/install/_local_setup_util_sh.py'
[14.306s] INFO:colcon.colcon_core.shell:Creating prefix chain script '/home/tirth/tirth_ws/install/setup.sh'
[14.328s] INFO:colcon.colcon_core.shell:Creating prefix script '/home/tirth/tirth_ws/install/local_setup.bash'
[14.329s] INFO:colcon.colcon_core.shell:Creating prefix chain script '/home/tirth/tirth_ws/install/setup.bash'
[14.355s] INFO:colcon.colcon_core.shell:Creating prefix script '/home/tirth/tirth_ws/install/local_setup.zsh'
[14.356s] INFO:colcon.colcon_core.shell:Creating prefix chain script '/home/tirth/tirth_ws/install/setup.zsh'
