[3.148s] Invoking command in '/home/tirth/tirth_ws/src/bot_description': PYTHONPATH=/home/tirth/tirth_ws/build/bot_description/prefix_override:/home/tirth/tirth_ws/install/bot_description/lib/python3.10/site-packages:${PYTHONPATH} /usr/bin/python3 setup.py egg_info --egg-base ../../build/bot_description build --build-base /home/tirth/tirth_ws/build/bot_description/build install --record /home/tirth/tirth_ws/build/bot_description/install.log --single-version-externally-managed
[6.028s] running egg_info
[6.036s] writing ../../build/bot_description/bot_description.egg-info/PKG-INFO
[6.038s] writing dependency_links to ../../build/bot_description/bot_description.egg-info/dependency_links.txt
[6.040s] writing entry points to ../../build/bot_description/bot_description.egg-info/entry_points.txt
[6.041s] writing requirements to ../../build/bot_description/bot_description.egg-info/requires.txt
[6.041s] writing top-level names to ../../build/bot_description/bot_description.egg-info/top_level.txt
[6.067s] reading manifest file '../../build/bot_description/bot_description.egg-info/SOURCES.txt'
[6.102s] adding license file 'LICENSE'
[6.112s] writing manifest file '../../build/bot_description/bot_description.egg-info/SOURCES.txt'
[6.112s] running build
[6.113s] running build_py
[6.116s] running install
[6.118s] running install_lib
[6.128s] running install_data
[6.135s] copying world/spawn.world -> /home/tirth/tirth_ws/install/bot_description/share/bot_description/world
[6.204s] copying world/maze_2.world -> /home/tirth/tirth_ws/install/bot_description/share/bot_description/world
[6.236s] running install_egg_info
[6.247s] removing '/home/tirth/tirth_ws/install/bot_description/lib/python3.10/site-packages/bot_description-0.0.0-py3.10.egg-info' (and everything under it)
[6.251s] Copying ../../build/bot_description/bot_description.egg-info to /home/tirth/tirth_ws/install/bot_description/lib/python3.10/site-packages/bot_description-0.0.0-py3.10.egg-info
[6.287s] running install_scripts
[6.436s] writing list of installed files to '/home/tirth/tirth_ws/build/bot_description/install.log'
[6.658s] Invoked command in '/home/tirth/tirth_ws/src/bot_description' returned '0': PYTHONPATH=/home/tirth/tirth_ws/build/bot_description/prefix_override:/home/tirth/tirth_ws/install/bot_description/lib/python3.10/site-packages:${PYTHONPATH} /usr/bin/python3 setup.py egg_info --egg-base ../../build/bot_description build --build-base /home/tirth/tirth_ws/build/bot_description/build install --record /home/tirth/tirth_ws/build/bot_description/install.log --single-version-externally-managed
