[0.950s] Invoking command in '/home/tirth/tirth_ws/src/bot_control': PYTHONPATH=/home/tirth/tirth_ws/build/bot_control/prefix_override:/home/tirth/tirth_ws/install/bot_control/lib/python3.10/site-packages:${PYTHONPATH} /usr/bin/python3 setup.py egg_info --egg-base ../../build/bot_control build --build-base /home/tirth/tirth_ws/build/bot_control/build install --record /home/tirth/tirth_ws/build/bot_control/install.log --single-version-externally-managed
[1.260s] running egg_info
[1.261s] writing ../../build/bot_control/bot_control.egg-info/PKG-INFO
[1.261s] writing dependency_links to ../../build/bot_control/bot_control.egg-info/dependency_links.txt
[1.262s] writing entry points to ../../build/bot_control/bot_control.egg-info/entry_points.txt
[1.262s] writing requirements to ../../build/bot_control/bot_control.egg-info/requires.txt
[1.262s] writing top-level names to ../../build/bot_control/bot_control.egg-info/top_level.txt
[1.264s] reading manifest file '../../build/bot_control/bot_control.egg-info/SOURCES.txt'
[1.265s] adding license file 'LICENSE'
[1.266s] writing manifest file '../../build/bot_control/bot_control.egg-info/SOURCES.txt'
[1.266s] running build
[1.266s] running build_py
[1.266s] running install
[1.267s] running install_lib
[1.268s] running install_data
[1.270s] running install_egg_info
[1.271s] removing '/home/tirth/tirth_ws/install/bot_control/lib/python3.10/site-packages/bot_control-0.0.0-py3.10.egg-info' (and everything under it)
[1.272s] Copying ../../build/bot_control/bot_control.egg-info to /home/tirth/tirth_ws/install/bot_control/lib/python3.10/site-packages/bot_control-0.0.0-py3.10.egg-info
[1.273s] running install_scripts
[1.293s] Installing filter script to /home/tirth/tirth_ws/install/bot_control/lib/bot_control
[1.294s] writing list of installed files to '/home/tirth/tirth_ws/build/bot_control/install.log'
[1.319s] Invoked command in '/home/tirth/tirth_ws/src/bot_control' returned '0': PYTHONPATH=/home/tirth/tirth_ws/build/bot_control/prefix_override:/home/tirth/tirth_ws/install/bot_control/lib/python3.10/site-packages:${PYTHONPATH} /usr/bin/python3 setup.py egg_info --egg-base ../../build/bot_control build --build-base /home/tirth/tirth_ws/build/bot_control/build install --record /home/tirth/tirth_ws/build/bot_control/install.log --single-version-externally-managed
