[2.095s] DEBUG:colcon:Command line arguments: ['/usr/bin/colcon', 'build']
[2.095s] DEBUG:colcon:Parsed command line arguments: Namespace(log_base=None, log_level=None, verb_name='build', build_base='build', install_base='install', merge_install=False, symlink_install=False, test_result_base=None, continue_on_error=False, executor='parallel', parallel_workers=8, event_handlers=None, ignore_user_meta=False, metas=['./colcon.meta'], base_paths=['.'], packages_ignore=None, packages_ignore_regex=None, paths=None, packages_up_to=None, packages_up_to_regex=None, packages_above=None, packages_above_and_dependencies=None, packages_above_depth=None, packages_select_by_dep=None, packages_skip_by_dep=None, packages_skip_up_to=None, packages_select_build_failed=False, packages_skip_build_finished=False, packages_select_test_failures=False, packages_skip_test_passed=False, packages_select=None, packages_skip=None, packages_select_regex=None, packages_skip_regex=None, packages_start=None, packages_end=None, allow_overriding=[], cmake_args=None, cmake_target=None, cmake_target_skip_unavailable=False, cmake_clean_cache=False, cmake_clean_first=False, cmake_force_configure=False, ament_cmake_args=None, catkin_cmake_args=None, catkin_skip_building_tests=False, verb_parser=<colcon_defaults.argument_parser.defaults.DefaultArgumentsDecorator object at 0x77d2151f2e30>, verb_extension=<colcon_core.verb.build.BuildVerb object at 0x77d2151f16f0>, main=<bound method BuildVerb.main of <colcon_core.verb.build.BuildVerb object at 0x77d2151f16f0>>)
[2.382s] Level 1:colcon.colcon_core.package_discovery:discover_packages(colcon_meta) check parameters
[2.382s] Level 1:colcon.colcon_core.package_discovery:discover_packages(recursive) check parameters
[2.382s] Level 1:colcon.colcon_core.package_discovery:discover_packages(ignore) check parameters
[2.382s] Level 1:colcon.colcon_core.package_discovery:discover_packages(path) check parameters
[2.382s] Level 1:colcon.colcon_core.package_discovery:discover_packages(colcon_meta) discover
[2.382s] Level 1:colcon.colcon_core.package_discovery:discover_packages(recursive) discover
[2.382s] INFO:colcon.colcon_core.package_discovery:Crawling recursively for packages in '/home/tirth/tirth_ws'
[2.382s] Level 1:colcon.colcon_core.package_identification:_identify(.) by extensions ['ignore', 'ignore_ament_install']
[2.383s] Level 1:colcon.colcon_core.package_identification:_identify(.) by extension 'ignore'
[2.383s] Level 1:colcon.colcon_core.package_identification:_identify(.) by extension 'ignore_ament_install'
[2.383s] Level 1:colcon.colcon_core.package_identification:_identify(.) by extensions ['colcon_pkg']
[2.383s] Level 1:colcon.colcon_core.package_identification:_identify(.) by extension 'colcon_pkg'
[2.383s] Level 1:colcon.colcon_core.package_identification:_identify(.) by extensions ['colcon_meta']
[2.383s] Level 1:colcon.colcon_core.package_identification:_identify(.) by extension 'colcon_meta'
[2.383s] Level 1:colcon.colcon_core.package_identification:_identify(.) by extensions ['ros']
[2.383s] Level 1:colcon.colcon_core.package_identification:_identify(.) by extension 'ros'
[2.467s] Level 1:colcon.colcon_core.package_identification:_identify(.) by extensions ['cmake', 'python']
[2.467s] Level 1:colcon.colcon_core.package_identification:_identify(.) by extension 'cmake'
[2.467s] Level 1:colcon.colcon_core.package_identification:_identify(.) by extension 'python'
[2.467s] Level 1:colcon.colcon_core.package_identification:_identify(.) by extensions ['python_setup_py']
[2.467s] Level 1:colcon.colcon_core.package_identification:_identify(.) by extension 'python_setup_py'
[2.467s] Level 1:colcon.colcon_core.package_identification:_identify(build) by extensions ['ignore', 'ignore_ament_install']
[2.467s] Level 1:colcon.colcon_core.package_identification:_identify(build) by extension 'ignore'
[2.468s] Level 1:colcon.colcon_core.package_identification:_identify(build) ignored
[2.468s] Level 1:colcon.colcon_core.package_identification:_identify(install) by extensions ['ignore', 'ignore_ament_install']
[2.468s] Level 1:colcon.colcon_core.package_identification:_identify(install) by extension 'ignore'
[2.468s] Level 1:colcon.colcon_core.package_identification:_identify(install) ignored
[2.468s] Level 1:colcon.colcon_core.package_identification:_identify(log) by extensions ['ignore', 'ignore_ament_install']
[2.468s] Level 1:colcon.colcon_core.package_identification:_identify(log) by extension 'ignore'
[2.469s] Level 1:colcon.colcon_core.package_identification:_identify(log) ignored
[2.469s] Level 1:colcon.colcon_core.package_identification:_identify(src) by extensions ['ignore', 'ignore_ament_install']
[2.469s] Level 1:colcon.colcon_core.package_identification:_identify(src) by extension 'ignore'
[2.469s] Level 1:colcon.colcon_core.package_identification:_identify(src) by extension 'ignore_ament_install'
[2.469s] Level 1:colcon.colcon_core.package_identification:_identify(src) by extensions ['colcon_pkg']
[2.469s] Level 1:colcon.colcon_core.package_identification:_identify(src) by extension 'colcon_pkg'
[2.469s] Level 1:colcon.colcon_core.package_identification:_identify(src) by extensions ['colcon_meta']
[2.469s] Level 1:colcon.colcon_core.package_identification:_identify(src) by extension 'colcon_meta'
[2.469s] Level 1:colcon.colcon_core.package_identification:_identify(src) by extensions ['ros']
[2.470s] Level 1:colcon.colcon_core.package_identification:_identify(src) by extension 'ros'
[2.470s] Level 1:colcon.colcon_core.package_identification:_identify(src) by extensions ['cmake', 'python']
[2.470s] Level 1:colcon.colcon_core.package_identification:_identify(src) by extension 'cmake'
[2.470s] Level 1:colcon.colcon_core.package_identification:_identify(src) by extension 'python'
[2.470s] Level 1:colcon.colcon_core.package_identification:_identify(src) by extensions ['python_setup_py']
[2.470s] Level 1:colcon.colcon_core.package_identification:_identify(src) by extension 'python_setup_py'
[2.470s] Level 1:colcon.colcon_core.package_identification:_identify(src/bot_description) by extensions ['ignore', 'ignore_ament_install']
[2.470s] Level 1:colcon.colcon_core.package_identification:_identify(src/bot_description) by extension 'ignore'
[2.470s] Level 1:colcon.colcon_core.package_identification:_identify(src/bot_description) by extension 'ignore_ament_install'
[2.470s] Level 1:colcon.colcon_core.package_identification:_identify(src/bot_description) by extensions ['colcon_pkg']
[2.471s] Level 1:colcon.colcon_core.package_identification:_identify(src/bot_description) by extension 'colcon_pkg'
[2.471s] Level 1:colcon.colcon_core.package_identification:_identify(src/bot_description) by extensions ['colcon_meta']
[2.471s] Level 1:colcon.colcon_core.package_identification:_identify(src/bot_description) by extension 'colcon_meta'
[2.471s] Level 1:colcon.colcon_core.package_identification:_identify(src/bot_description) by extensions ['ros']
[2.471s] Level 1:colcon.colcon_core.package_identification:_identify(src/bot_description) by extension 'ros'
[2.507s] DEBUG:colcon.colcon_core.package_identification:Package 'src/bot_description' with type 'ros.ament_python' and name 'bot_description'
[2.507s] Level 1:colcon.colcon_core.package_discovery:discover_packages(recursive) using defaults
[2.507s] Level 1:colcon.colcon_core.package_discovery:discover_packages(ignore) discover
[2.507s] Level 1:colcon.colcon_core.package_discovery:discover_packages(ignore) using defaults
[2.507s] Level 1:colcon.colcon_core.package_discovery:discover_packages(path) discover
[2.507s] Level 1:colcon.colcon_core.package_discovery:discover_packages(path) using defaults
[2.707s] Level 1:colcon.colcon_core.package_discovery:discover_packages(prefix_path) check parameters
[2.707s] Level 1:colcon.colcon_core.package_discovery:discover_packages(prefix_path) discover
[2.924s] DEBUG:colcon.colcon_installed_package_information.package_discovery:Found 8 installed packages in /home/tirth/colcon_ws/install
[2.966s] DEBUG:colcon.colcon_installed_package_information.package_discovery:Found 310 installed packages in /opt/ros/humble
[2.968s] Level 1:colcon.colcon_core.package_discovery:discover_packages(prefix_path) using defaults
[6.455s] Level 5:colcon.colcon_core.verb:set package 'bot_description' build argument 'cmake_args' from command line to 'None'
[6.455s] Level 5:colcon.colcon_core.verb:set package 'bot_description' build argument 'cmake_target' from command line to 'None'
[6.455s] Level 5:colcon.colcon_core.verb:set package 'bot_description' build argument 'cmake_target_skip_unavailable' from command line to 'False'
[6.455s] Level 5:colcon.colcon_core.verb:set package 'bot_description' build argument 'cmake_clean_cache' from command line to 'False'
[6.455s] Level 5:colcon.colcon_core.verb:set package 'bot_description' build argument 'cmake_clean_first' from command line to 'False'
[6.455s] Level 5:colcon.colcon_core.verb:set package 'bot_description' build argument 'cmake_force_configure' from command line to 'False'
[6.455s] Level 5:colcon.colcon_core.verb:set package 'bot_description' build argument 'ament_cmake_args' from command line to 'None'
[6.455s] Level 5:colcon.colcon_core.verb:set package 'bot_description' build argument 'catkin_cmake_args' from command line to 'None'
[6.455s] Level 5:colcon.colcon_core.verb:set package 'bot_description' build argument 'catkin_skip_building_tests' from command line to 'False'
[6.455s] DEBUG:colcon.colcon_core.verb:Building package 'bot_description' with the following arguments: {'ament_cmake_args': None, 'build_base': '/home/tirth/tirth_ws/build/bot_description', 'catkin_cmake_args': None, 'catkin_skip_building_tests': False, 'cmake_args': None, 'cmake_clean_cache': False, 'cmake_clean_first': False, 'cmake_force_configure': False, 'cmake_target': None, 'cmake_target_skip_unavailable': False, 'install_base': '/home/tirth/tirth_ws/install/bot_description', 'merge_install': False, 'path': '/home/tirth/tirth_ws/src/bot_description', 'symlink_install': False, 'test_result_base': None}
[6.475s] INFO:colcon.colcon_core.executor:Executing jobs using 'parallel' executor
[6.496s] DEBUG:colcon.colcon_parallel_executor.executor.parallel:run_until_complete
[6.496s] INFO:colcon.colcon_ros.task.ament_python.build:Building ROS package in '/home/tirth/tirth_ws/src/bot_description' with build type 'ament_python'
[6.496s] Level 1:colcon.colcon_core.shell:create_environment_hook('bot_description', 'ament_prefix_path')
[6.636s] INFO:colcon.colcon_core.plugin_system:Skipping extension 'colcon_core.shell.bat': Not used on non-Windows systems
[6.637s] INFO:colcon.colcon_core.shell:Creating environment hook '/home/tirth/tirth_ws/install/bot_description/share/bot_description/hook/ament_prefix_path.ps1'
[6.664s] INFO:colcon.colcon_core.shell:Creating environment descriptor '/home/tirth/tirth_ws/install/bot_description/share/bot_description/hook/ament_prefix_path.dsv'
[6.676s] INFO:colcon.colcon_core.shell:Creating environment hook '/home/tirth/tirth_ws/install/bot_description/share/bot_description/hook/ament_prefix_path.sh'
[6.723s] INFO:colcon.colcon_core.shell:Skip shell extension 'powershell' for command environment: Not usable outside of PowerShell
[6.723s] DEBUG:colcon.colcon_core.shell:Skip shell extension 'dsv' for command environment
[7.193s] INFO:colcon.colcon_core.task.python.build:Building Python package in '/home/tirth/tirth_ws/src/bot_description'
[7.214s] INFO:colcon.colcon_core.shell:Skip shell extension 'powershell' for command environment: Not usable outside of PowerShell
[7.214s] DEBUG:colcon.colcon_core.shell:Skip shell extension 'dsv' for command environment
[8.386s] DEBUG:colcon.colcon_core.event_handler.log_command:Invoking command in '/home/tirth/tirth_ws/src/bot_description': PYTHONPATH=/home/tirth/tirth_ws/build/bot_description/prefix_override:/home/tirth/tirth_ws/install/bot_description/lib/python3.10/site-packages:${PYTHONPATH} /usr/bin/python3 setup.py egg_info --egg-base ../../build/bot_description build --build-base /home/tirth/tirth_ws/build/bot_description/build install --record /home/tirth/tirth_ws/build/bot_description/install.log --single-version-externally-managed
[8.783s] DEBUG:colcon.colcon_core.event_handler.log_command:Invoked command in '/home/tirth/tirth_ws/src/bot_description' returned '0': PYTHONPATH=/home/tirth/tirth_ws/build/bot_description/prefix_override:/home/tirth/tirth_ws/install/bot_description/lib/python3.10/site-packages:${PYTHONPATH} /usr/bin/python3 setup.py egg_info --egg-base ../../build/bot_description build --build-base /home/tirth/tirth_ws/build/bot_description/build install --record /home/tirth/tirth_ws/build/bot_description/install.log --single-version-externally-managed
[8.957s] Level 1:colcon.colcon_core.environment:checking '/home/tirth/tirth_ws/install/bot_description' for CMake module files
[8.959s] Level 1:colcon.colcon_core.environment:checking '/home/tirth/tirth_ws/install/bot_description' for CMake config files
[8.962s] Level 1:colcon.colcon_core.environment:checking '/home/tirth/tirth_ws/install/bot_description/lib'
[8.963s] Level 1:colcon.colcon_core.environment:checking '/home/tirth/tirth_ws/install/bot_description/bin'
[8.963s] Level 1:colcon.colcon_core.environment:checking '/home/tirth/tirth_ws/install/bot_description/lib/pkgconfig/bot_description.pc'
[8.964s] Level 1:colcon.colcon_core.environment:checking '/home/tirth/tirth_ws/install/bot_description/lib/python3.10/site-packages'
[8.965s] Level 1:colcon.colcon_core.shell:create_environment_hook('bot_description', 'pythonpath')
[9.004s] INFO:colcon.colcon_core.shell:Creating environment hook '/home/tirth/tirth_ws/install/bot_description/share/bot_description/hook/pythonpath.ps1'
[9.005s] INFO:colcon.colcon_core.shell:Creating environment descriptor '/home/tirth/tirth_ws/install/bot_description/share/bot_description/hook/pythonpath.dsv'
[9.005s] INFO:colcon.colcon_core.shell:Creating environment hook '/home/tirth/tirth_ws/install/bot_description/share/bot_description/hook/pythonpath.sh'
[9.006s] Level 1:colcon.colcon_core.environment:checking '/home/tirth/tirth_ws/install/bot_description/bin'
[9.006s] Level 1:colcon.colcon_core.environment:create_environment_scripts_only(bot_description)
[9.028s] INFO:colcon.colcon_core.shell:Creating package script '/home/tirth/tirth_ws/install/bot_description/share/bot_description/package.ps1'
[9.040s] INFO:colcon.colcon_core.shell:Creating package descriptor '/home/tirth/tirth_ws/install/bot_description/share/bot_description/package.dsv'
[9.041s] INFO:colcon.colcon_core.shell:Creating package script '/home/tirth/tirth_ws/install/bot_description/share/bot_description/package.sh'
[9.042s] INFO:colcon.colcon_core.shell:Creating package script '/home/tirth/tirth_ws/install/bot_description/share/bot_description/package.bash'
[9.052s] INFO:colcon.colcon_core.shell:Creating package script '/home/tirth/tirth_ws/install/bot_description/share/bot_description/package.zsh'
[9.053s] Level 1:colcon.colcon_core.environment:create_file_with_runtime_dependencies(/home/tirth/tirth_ws/install/bot_description/share/colcon-core/packages/bot_description)
[9.053s] DEBUG:colcon.colcon_parallel_executor.executor.parallel:closing loop
[9.053s] DEBUG:colcon.colcon_parallel_executor.executor.parallel:loop closed
[9.053s] DEBUG:colcon.colcon_parallel_executor.executor.parallel:run_until_complete finished with '0'
[9.053s] DEBUG:colcon.colcon_core.event_reactor:joining thread
[9.175s] INFO:colcon.colcon_core.plugin_system:Skipping extension 'colcon_notification.desktop_notification.terminal_notifier': Not used on non-Darwin systems
[9.175s] INFO:colcon.colcon_core.plugin_system:Skipping extension 'colcon_notification.desktop_notification.win32': Not used on non-Windows systems
[9.175s] INFO:colcon.colcon_notification.desktop_notification:Sending desktop notification using 'notify2'
[9.549s] DEBUG:colcon.colcon_core.event_reactor:joined thread
[9.576s] INFO:colcon.colcon_core.shell:Creating prefix script '/home/tirth/tirth_ws/install/local_setup.ps1'
[9.578s] INFO:colcon.colcon_core.shell:Creating prefix util module '/home/tirth/tirth_ws/install/_local_setup_util_ps1.py'
[9.579s] INFO:colcon.colcon_core.shell:Creating prefix chain script '/home/tirth/tirth_ws/install/setup.ps1'
[9.601s] INFO:colcon.colcon_core.shell:Creating prefix script '/home/tirth/tirth_ws/install/local_setup.sh'
[9.602s] INFO:colcon.colcon_core.shell:Creating prefix util module '/home/tirth/tirth_ws/install/_local_setup_util_sh.py'
[9.603s] INFO:colcon.colcon_core.shell:Creating prefix chain script '/home/tirth/tirth_ws/install/setup.sh'
[9.668s] INFO:colcon.colcon_core.shell:Creating prefix script '/home/tirth/tirth_ws/install/local_setup.bash'
[9.669s] INFO:colcon.colcon_core.shell:Creating prefix chain script '/home/tirth/tirth_ws/install/setup.bash'
[9.698s] INFO:colcon.colcon_core.shell:Creating prefix script '/home/tirth/tirth_ws/install/local_setup.zsh'
[9.699s] INFO:colcon.colcon_core.shell:Creating prefix chain script '/home/tirth/tirth_ws/install/setup.zsh'
