[2.508s] Invoking command in '/home/tirth/tirth_ws/src/bot_description': PYTHONPATH=/home/tirth/tirth_ws/build/bot_description/prefix_override:/home/tirth/tirth_ws/install/bot_description/lib/python3.10/site-packages:${PYTHONPATH} /usr/bin/python3 setup.py egg_info --egg-base ../../build/bot_description build --build-base /home/tirth/tirth_ws/build/bot_description/build install --record /home/tirth/tirth_ws/build/bot_description/install.log --single-version-externally-managed
[2.854s] running egg_info
[2.855s] writing ../../build/bot_description/bot_description.egg-info/PKG-INFO
[2.966s] writing dependency_links to ../../build/bot_description/bot_description.egg-info/dependency_links.txt
[2.967s] writing entry points to ../../build/bot_description/bot_description.egg-info/entry_points.txt
[2.968s] writing requirements to ../../build/bot_description/bot_description.egg-info/requires.txt
[2.968s] writing top-level names to ../../build/bot_description/bot_description.egg-info/top_level.txt
[3.044s] reading manifest file '../../build/bot_description/bot_description.egg-info/SOURCES.txt'
[3.151s] adding license file 'LICENSE'
[3.155s] writing manifest file '../../build/bot_description/bot_description.egg-info/SOURCES.txt'
[3.156s] running build
[3.157s] running build_py
[3.158s] running install
[3.158s] running install_lib
[3.185s] running install_data
[3.201s] copying meshes/base_link.stl -> /home/tirth/tirth_ws/install/bot_description/share/bot_description/meshes
[3.203s] running install_egg_info
[3.211s] removing '/home/tirth/tirth_ws/install/bot_description/lib/python3.10/site-packages/bot_description-0.0.0-py3.10.egg-info' (and everything under it)
[3.212s] Copying ../../build/bot_description/bot_description.egg-info to /home/tirth/tirth_ws/install/bot_description/lib/python3.10/site-packages/bot_description-0.0.0-py3.10.egg-info
[3.238s] running install_scripts
[3.286s] writing list of installed files to '/home/tirth/tirth_ws/build/bot_description/install.log'
[3.313s] Invoked command in '/home/tirth/tirth_ws/src/bot_description' returned '0': PYTHONPATH=/home/tirth/tirth_ws/build/bot_description/prefix_override:/home/tirth/tirth_ws/install/bot_description/lib/python3.10/site-packages:${PYTHONPATH} /usr/bin/python3 setup.py egg_info --egg-base ../../build/bot_description build --build-base /home/tirth/tirth_ws/build/bot_description/build install --record /home/tirth/tirth_ws/build/bot_description/install.log --single-version-externally-managed
