[0.973s] Invoking command in '/home/tirth/tirth_ws/src/bot_description': PYTHONPATH=/home/tirth/tirth_ws/build/bot_description/prefix_override:/home/tirth/tirth_ws/install/bot_description/lib/python3.10/site-packages:${PYTHONPATH} /usr/bin/python3 setup.py egg_info --egg-base ../../build/bot_description build --build-base /home/tirth/tirth_ws/build/bot_description/build install --record /home/tirth/tirth_ws/build/bot_description/install.log --single-version-externally-managed
[1.278s] running egg_info
[1.279s] writing ../../build/bot_description/bot_description.egg-info/PKG-INFO
[1.279s] writing dependency_links to ../../build/bot_description/bot_description.egg-info/dependency_links.txt
[1.279s] writing entry points to ../../build/bot_description/bot_description.egg-info/entry_points.txt
[1.279s] writing requirements to ../../build/bot_description/bot_description.egg-info/requires.txt
[1.279s] writing top-level names to ../../build/bot_description/bot_description.egg-info/top_level.txt
[1.281s] reading manifest file '../../build/bot_description/bot_description.egg-info/SOURCES.txt'
[1.281s] adding license file 'LICENSE'
[1.282s] writing manifest file '../../build/bot_description/bot_description.egg-info/SOURCES.txt'
[1.282s] running build
[1.282s] running build_py
[1.283s] running install
[1.283s] running install_lib
[1.284s] running install_data
[1.285s] copying urdf/bot.urdf -> /home/tirth/tirth_ws/install/bot_description/share/bot_description/urdf
[1.285s] copying meshes/wheel_l.stl -> /home/tirth/tirth_ws/install/bot_description/share/bot_description/meshes
[1.285s] running install_egg_info
[1.287s] removing '/home/tirth/tirth_ws/install/bot_description/lib/python3.10/site-packages/bot_description-0.0.0-py3.10.egg-info' (and everything under it)
[1.288s] Copying ../../build/bot_description/bot_description.egg-info to /home/tirth/tirth_ws/install/bot_description/lib/python3.10/site-packages/bot_description-0.0.0-py3.10.egg-info
[1.289s] running install_scripts
[1.309s] writing list of installed files to '/home/tirth/tirth_ws/build/bot_description/install.log'
[1.339s] Invoked command in '/home/tirth/tirth_ws/src/bot_description' returned '0': PYTHONPATH=/home/tirth/tirth_ws/build/bot_description/prefix_override:/home/tirth/tirth_ws/install/bot_description/lib/python3.10/site-packages:${PYTHONPATH} /usr/bin/python3 setup.py egg_info --egg-base ../../build/bot_description build --build-base /home/tirth/tirth_ws/build/bot_description/build install --record /home/tirth/tirth_ws/build/bot_description/install.log --single-version-externally-managed
