[1.048s] Invoking command in '/home/tirth/tirth_ws/src/bot_control': PYTHONPATH=/home/tirth/tirth_ws/build/bot_control/prefix_override:/home/tirth/tirth_ws/install/bot_control/lib/python3.10/site-packages:${PYTHONPATH} /usr/bin/python3 setup.py egg_info --egg-base ../../build/bot_control build --build-base /home/tirth/tirth_ws/build/bot_control/build install --record /home/tirth/tirth_ws/build/bot_control/install.log --single-version-externally-managed
[1.361s] running egg_info
[1.361s] writing ../../build/bot_control/bot_control.egg-info/PKG-INFO
[1.361s] writing dependency_links to ../../build/bot_control/bot_control.egg-info/dependency_links.txt
[1.361s] writing entry points to ../../build/bot_control/bot_control.egg-info/entry_points.txt
[1.362s] writing requirements to ../../build/bot_control/bot_control.egg-info/requires.txt
[1.362s] writing top-level names to ../../build/bot_control/bot_control.egg-info/top_level.txt
[1.364s] reading manifest file '../../build/bot_control/bot_control.egg-info/SOURCES.txt'
[1.364s] adding license file 'LICENSE'
[1.365s] writing manifest file '../../build/bot_control/bot_control.egg-info/SOURCES.txt'
[1.365s] running build
[1.365s] running build_py
[1.365s] copying bot_control/filter.py -> /home/tirth/tirth_ws/build/bot_control/build/lib/bot_control
[1.365s] running install
[1.366s] running install_lib
[1.366s] copying /home/tirth/tirth_ws/build/bot_control/build/lib/bot_control/filter.py -> /home/tirth/tirth_ws/install/bot_control/lib/python3.10/site-packages/bot_control
[1.367s] byte-compiling /home/tirth/tirth_ws/install/bot_control/lib/python3.10/site-packages/bot_control/filter.py to filter.cpython-310.pyc
[1.368s] running install_data
[1.369s] running install_egg_info
[1.371s] removing '/home/tirth/tirth_ws/install/bot_control/lib/python3.10/site-packages/bot_control-0.0.0-py3.10.egg-info' (and everything under it)
[1.371s] Copying ../../build/bot_control/bot_control.egg-info to /home/tirth/tirth_ws/install/bot_control/lib/python3.10/site-packages/bot_control-0.0.0-py3.10.egg-info
[1.372s] running install_scripts
[1.395s] Installing filter script to /home/tirth/tirth_ws/install/bot_control/lib/bot_control
[1.395s] writing list of installed files to '/home/tirth/tirth_ws/build/bot_control/install.log'
[1.425s] Invoked command in '/home/tirth/tirth_ws/src/bot_control' returned '0': PYTHONPATH=/home/tirth/tirth_ws/build/bot_control/prefix_override:/home/tirth/tirth_ws/install/bot_control/lib/python3.10/site-packages:${PYTHONPATH} /usr/bin/python3 setup.py egg_info --egg-base ../../build/bot_control build --build-base /home/tirth/tirth_ws/build/bot_control/build install --record /home/tirth/tirth_ws/build/bot_control/install.log --single-version-externally-managed
