[1.915s] Invoking command in '/home/tirth/tirth_ws/src/bot_description': PYTHONPATH=/home/tirth/tirth_ws/build/bot_description/prefix_override:/home/tirth/tirth_ws/install/bot_description/lib/python3.10/site-packages:${PYTHONPATH} /usr/bin/python3 setup.py egg_info --egg-base ../../build/bot_description build --build-base /home/tirth/tirth_ws/build/bot_description/build install --record /home/tirth/tirth_ws/build/bot_description/install.log --single-version-externally-managed
[2.226s] running egg_info
[2.227s] writing ../../build/bot_description/bot_description.egg-info/PKG-INFO
[2.227s] writing dependency_links to ../../build/bot_description/bot_description.egg-info/dependency_links.txt
[2.227s] writing entry points to ../../build/bot_description/bot_description.egg-info/entry_points.txt
[2.228s] writing requirements to ../../build/bot_description/bot_description.egg-info/requires.txt
[2.228s] writing top-level names to ../../build/bot_description/bot_description.egg-info/top_level.txt
[2.324s] reading manifest file '../../build/bot_description/bot_description.egg-info/SOURCES.txt'
[2.336s] adding license file 'LICENSE'
[2.340s] writing manifest file '../../build/bot_description/bot_description.egg-info/SOURCES.txt'
[2.341s] running build
[2.341s] running build_py
[2.342s] running install
[2.343s] running install_lib
[2.365s] running install_data
[2.368s] copying urdf/bot.urdf -> /home/tirth/tirth_ws/install/bot_description/share/bot_description/urdf
[2.370s] running install_egg_info
[2.379s] removing '/home/tirth/tirth_ws/install/bot_description/lib/python3.10/site-packages/bot_description-0.0.0-py3.10.egg-info' (and everything under it)
[2.380s] Copying ../../build/bot_description/bot_description.egg-info to /home/tirth/tirth_ws/install/bot_description/lib/python3.10/site-packages/bot_description-0.0.0-py3.10.egg-info
[2.408s] running install_scripts
[2.455s] writing list of installed files to '/home/tirth/tirth_ws/build/bot_description/install.log'
[2.482s] Invoked command in '/home/tirth/tirth_ws/src/bot_description' returned '0': PYTHONPATH=/home/tirth/tirth_ws/build/bot_description/prefix_override:/home/tirth/tirth_ws/install/bot_description/lib/python3.10/site-packages:${PYTHONPATH} /usr/bin/python3 setup.py egg_info --egg-base ../../build/bot_description build --build-base /home/tirth/tirth_ws/build/bot_description/build install --record /home/tirth/tirth_ws/build/bot_description/install.log --single-version-externally-managed
