[2.057s] Invoking command in '/home/tirth/tirth_ws/src/bot_control': PYTHONPATH=/home/tirth/tirth_ws/build/bot_control/prefix_override:/home/tirth/tirth_ws/install/bot_control/lib/python3.10/site-packages:${PYTHONPATH} /usr/bin/python3 setup.py egg_info --egg-base ../../build/bot_control build --build-base /home/tirth/tirth_ws/build/bot_control/build install --record /home/tirth/tirth_ws/build/bot_control/install.log --single-version-externally-managed
[2.371s] running egg_info
[2.371s] creating ../../build/bot_control/bot_control.egg-info
[2.372s] writing ../../build/bot_control/bot_control.egg-info/PKG-INFO
[2.372s] writing dependency_links to ../../build/bot_control/bot_control.egg-info/dependency_links.txt
[2.372s] writing entry points to ../../build/bot_control/bot_control.egg-info/entry_points.txt
[2.373s] writing requirements to ../../build/bot_control/bot_control.egg-info/requires.txt
[2.373s] writing top-level names to ../../build/bot_control/bot_control.egg-info/top_level.txt
[2.373s] writing manifest file '../../build/bot_control/bot_control.egg-info/SOURCES.txt'
[2.374s] reading manifest file '../../build/bot_control/bot_control.egg-info/SOURCES.txt'
[2.375s] adding license file 'LICENSE'
[2.376s] writing manifest file '../../build/bot_control/bot_control.egg-info/SOURCES.txt'
[2.376s] running build
[2.376s] running build_py
[2.376s] creating /home/tirth/tirth_ws/build/bot_control/build
[2.376s] creating /home/tirth/tirth_ws/build/bot_control/build/lib
[2.376s] creating /home/tirth/tirth_ws/build/bot_control/build/lib/bot_control
[2.376s] copying bot_control/__init__.py -> /home/tirth/tirth_ws/build/bot_control/build/lib/bot_control
[2.377s] running install
[2.377s] running install_lib
[2.377s] creating /home/tirth/tirth_ws/install/bot_control/lib/python3.10/site-packages/bot_control
[2.377s] copying /home/tirth/tirth_ws/build/bot_control/build/lib/bot_control/__init__.py -> /home/tirth/tirth_ws/install/bot_control/lib/python3.10/site-packages/bot_control
[2.378s] byte-compiling /home/tirth/tirth_ws/install/bot_control/lib/python3.10/site-packages/bot_control/__init__.py to __init__.cpython-310.pyc
[2.378s] running install_data
[2.379s] creating /home/tirth/tirth_ws/install/bot_control/share/ament_index
[2.379s] creating /home/tirth/tirth_ws/install/bot_control/share/ament_index/resource_index
[2.379s] creating /home/tirth/tirth_ws/install/bot_control/share/ament_index/resource_index/packages
[2.379s] copying resource/bot_control -> /home/tirth/tirth_ws/install/bot_control/share/ament_index/resource_index/packages
[2.380s] copying package.xml -> /home/tirth/tirth_ws/install/bot_control/share/bot_control
[2.380s] creating /home/tirth/tirth_ws/install/bot_control/share/bot_control/launch
[2.380s] copying launch/world.launch.py -> /home/tirth/tirth_ws/install/bot_control/share/bot_control/launch
[2.380s] creating /home/tirth/tirth_ws/install/bot_control/share/bot_control/world
[2.380s] copying world/bot.world -> /home/tirth/tirth_ws/install/bot_control/share/bot_control/world
[2.380s] creating /home/tirth/tirth_ws/install/bot_control/share/bot_control/meshes
[2.380s] copying meshes/wheel_r.stl -> /home/tirth/tirth_ws/install/bot_control/share/bot_control/meshes
[2.381s] copying meshes/wheel.obj -> /home/tirth/tirth_ws/install/bot_control/share/bot_control/meshes
[2.381s] copying meshes/front_caster.dae -> /home/tirth/tirth_ws/install/bot_control/share/bot_control/meshes
[2.381s] copying meshes/front_caster.obj -> /home/tirth/tirth_ws/install/bot_control/share/bot_control/meshes
[2.381s] copying meshes/wheel_l.stl -> /home/tirth/tirth_ws/install/bot_control/share/bot_control/meshes
[2.381s] copying meshes/wheel_r.dae -> /home/tirth/tirth_ws/install/bot_control/share/bot_control/meshes
[2.382s] copying meshes/base_link.dae -> /home/tirth/tirth_ws/install/bot_control/share/bot_control/meshes
[2.382s] copying meshes/wheel_l.dae -> /home/tirth/tirth_ws/install/bot_control/share/bot_control/meshes
[2.382s] copying meshes/base_link.stl -> /home/tirth/tirth_ws/install/bot_control/share/bot_control/meshes
[2.382s] copying meshes/wheel.mtl -> /home/tirth/tirth_ws/install/bot_control/share/bot_control/meshes
[2.382s] copying meshes/front_caster.stl -> /home/tirth/tirth_ws/install/bot_control/share/bot_control/meshes
[2.383s] copying meshes/front_caster.mtl -> /home/tirth/tirth_ws/install/bot_control/share/bot_control/meshes
[2.383s] copying meshes/center.mtl -> /home/tirth/tirth_ws/install/bot_control/share/bot_control/meshes
[2.383s] copying meshes/center.obj -> /home/tirth/tirth_ws/install/bot_control/share/bot_control/meshes
[2.383s] creating /home/tirth/tirth_ws/install/bot_control/share/bot_control/urdf
[2.383s] copying urdf/bot2.urdf -> /home/tirth/tirth_ws/install/bot_control/share/bot_control/urdf
[2.383s] copying urdf/bot.urdf -> /home/tirth/tirth_ws/install/bot_control/share/bot_control/urdf
[2.383s] running install_egg_info
[2.385s] Copying ../../build/bot_control/bot_control.egg-info to /home/tirth/tirth_ws/install/bot_control/lib/python3.10/site-packages/bot_control-0.0.0-py3.10.egg-info
[2.386s] running install_scripts
[2.408s] writing list of installed files to '/home/tirth/tirth_ws/build/bot_control/install.log'
[2.616s] Invoked command in '/home/tirth/tirth_ws/src/bot_control' returned '0': PYTHONPATH=/home/tirth/tirth_ws/build/bot_control/prefix_override:/home/tirth/tirth_ws/install/bot_control/lib/python3.10/site-packages:${PYTHONPATH} /usr/bin/python3 setup.py egg_info --egg-base ../../build/bot_control build --build-base /home/tirth/tirth_ws/build/bot_control/build install --record /home/tirth/tirth_ws/build/bot_control/install.log --single-version-externally-managed
