/home/tirth/tirth_ws/install/bot_world/lib/python3.10/site-packages/bot_world/__init__.py
/home/tirth/tirth_ws/install/bot_world/lib/python3.10/site-packages/bot_world/__pycache__/__init__.cpython-310.pyc
/home/tirth/tirth_ws/install/bot_world/share/ament_index/resource_index/packages/bot_world
/home/tirth/tirth_ws/install/bot_world/share/bot_world/package.xml
/home/tirth/tirth_ws/install/bot_world/share/bot_world/launch/world.launch.py
/home/tirth/tirth_ws/install/bot_world/share/bot_world/world/bot.world
/home/tirth/tirth_ws/install/bot_world/share/bot_world/meshes/wheel_r.stl
/home/tirth/tirth_ws/install/bot_world/share/bot_world/meshes/wheel.obj
/home/tirth/tirth_ws/install/bot_world/share/bot_world/meshes/front_caster.dae
/home/tirth/tirth_ws/install/bot_world/share/bot_world/meshes/front_caster.obj
/home/tirth/tirth_ws/install/bot_world/share/bot_world/meshes/wheel_l.stl
/home/tirth/tirth_ws/install/bot_world/share/bot_world/meshes/wheel_r.dae
/home/tirth/tirth_ws/install/bot_world/share/bot_world/meshes/base_link.dae
/home/tirth/tirth_ws/install/bot_world/share/bot_world/meshes/wheel_l.dae
/home/tirth/tirth_ws/install/bot_world/share/bot_world/meshes/base_link.stl
/home/tirth/tirth_ws/install/bot_world/share/bot_world/meshes/wheel.mtl
/home/tirth/tirth_ws/install/bot_world/share/bot_world/meshes/front_caster.stl
/home/tirth/tirth_ws/install/bot_world/share/bot_world/meshes/front_caster.mtl
/home/tirth/tirth_ws/install/bot_world/share/bot_world/meshes/center.mtl
/home/tirth/tirth_ws/install/bot_world/share/bot_world/meshes/center.obj
/home/tirth/tirth_ws/install/bot_world/share/bot_world/urdf/bot2.urdf
/home/tirth/tirth_ws/install/bot_world/share/bot_world/urdf/bot.urdf
/home/tirth/tirth_ws/install/bot_world/lib/python3.10/site-packages/bot_world-0.0.0-py3.10.egg-info/requires.txt
/home/tirth/tirth_ws/install/bot_world/lib/python3.10/site-packages/bot_world-0.0.0-py3.10.egg-info/zip-safe
/home/tirth/tirth_ws/install/bot_world/lib/python3.10/site-packages/bot_world-0.0.0-py3.10.egg-info/top_level.txt
/home/tirth/tirth_ws/install/bot_world/lib/python3.10/site-packages/bot_world-0.0.0-py3.10.egg-info/entry_points.txt
/home/tirth/tirth_ws/install/bot_world/lib/python3.10/site-packages/bot_world-0.0.0-py3.10.egg-info/dependency_links.txt
/home/tirth/tirth_ws/install/bot_world/lib/python3.10/site-packages/bot_world-0.0.0-py3.10.egg-info/SOURCES.txt
/home/tirth/tirth_ws/install/bot_world/lib/python3.10/site-packages/bot_world-0.0.0-py3.10.egg-info/PKG-INFO
