[3.976s] Invoking command in '/home/tirth/tirth_ws/src/bot_description': PYTHONPATH=/home/tirth/tirth_ws/build/bot_description/prefix_override:/home/tirth/tirth_ws/install/bot_description/lib/python3.10/site-packages:${PYTHONPATH} /usr/bin/python3 setup.py egg_info --egg-base ../../build/bot_description build --build-base /home/tirth/tirth_ws/build/bot_description/build install --record /home/tirth/tirth_ws/build/bot_description/install.log --single-version-externally-managed
[4.848s] running egg_info
[4.852s] writing ../../build/bot_description/bot_description.egg-info/PKG-INFO
[4.852s] writing dependency_links to ../../build/bot_description/bot_description.egg-info/dependency_links.txt
[4.853s] writing entry points to ../../build/bot_description/bot_description.egg-info/entry_points.txt
[4.853s] writing requirements to ../../build/bot_description/bot_description.egg-info/requires.txt
[4.853s] writing top-level names to ../../build/bot_description/bot_description.egg-info/top_level.txt
[4.857s] reading manifest file '../../build/bot_description/bot_description.egg-info/SOURCES.txt'
[4.858s] adding license file 'LICENSE'
[4.860s] writing manifest file '../../build/bot_description/bot_description.egg-info/SOURCES.txt'
[4.860s] running build
[4.860s] running build_py
[4.860s] running install
[4.862s] running install_lib
[4.869s] running install_data
[4.870s] copying launch/control.launch.py -> /home/tirth/tirth_ws/install/bot_description/share/bot_description/launch
[4.870s] running install_egg_info
[4.875s] removing '/home/tirth/tirth_ws/install/bot_description/lib/python3.10/site-packages/bot_description-0.0.0-py3.10.egg-info' (and everything under it)
[4.875s] Copying ../../build/bot_description/bot_description.egg-info to /home/tirth/tirth_ws/install/bot_description/lib/python3.10/site-packages/bot_description-0.0.0-py3.10.egg-info
[4.876s] running install_scripts
[4.933s] writing list of installed files to '/home/tirth/tirth_ws/build/bot_description/install.log'
[5.054s] Invoked command in '/home/tirth/tirth_ws/src/bot_description' returned '0': PYTHONPATH=/home/tirth/tirth_ws/build/bot_description/prefix_override:/home/tirth/tirth_ws/install/bot_description/lib/python3.10/site-packages:${PYTHONPATH} /usr/bin/python3 setup.py egg_info --egg-base ../../build/bot_description build --build-base /home/tirth/tirth_ws/build/bot_description/build install --record /home/tirth/tirth_ws/build/bot_description/install.log --single-version-externally-managed
