running egg_info
creating ../../build/bot_description/bot_description.egg-info
writing ../../build/bot_description/bot_description.egg-info/PKG-INFO
writing dependency_links to ../../build/bot_description/bot_description.egg-info/dependency_links.txt
writing entry points to ../../build/bot_description/bot_description.egg-info/entry_points.txt
writing requirements to ../../build/bot_description/bot_description.egg-info/requires.txt
writing top-level names to ../../build/bot_description/bot_description.egg-info/top_level.txt
writing manifest file '../../build/bot_description/bot_description.egg-info/SOURCES.txt'
reading manifest file '../../build/bot_description/bot_description.egg-info/SOURCES.txt'
adding license file 'LICENSE'
writing manifest file '../../build/bot_description/bot_description.egg-info/SOURCES.txt'
running build
running build_py
creating /home/tirth/tirth_ws/build/bot_description/build
creating /home/tirth/tirth_ws/build/bot_description/build/lib
creating /home/tirth/tirth_ws/build/bot_description/build/lib/bot_description
copying bot_description/__init__.py -> /home/tirth/tirth_ws/build/bot_description/build/lib/bot_description
running install
running install_lib
creating /home/tirth/tirth_ws/install/bot_description/lib/python3.10/site-packages/bot_description
copying /home/tirth/tirth_ws/build/bot_description/build/lib/bot_description/__init__.py -> /home/tirth/tirth_ws/install/bot_description/lib/python3.10/site-packages/bot_description
byte-compiling /home/tirth/tirth_ws/install/bot_description/lib/python3.10/site-packages/bot_description/__init__.py to __init__.cpython-310.pyc
running install_data
creating /home/tirth/tirth_ws/install/bot_description/share/ament_index
creating /home/tirth/tirth_ws/install/bot_description/share/ament_index/resource_index
creating /home/tirth/tirth_ws/install/bot_description/share/ament_index/resource_index/packages
copying resource/bot_description -> /home/tirth/tirth_ws/install/bot_description/share/ament_index/resource_index/packages
copying package.xml -> /home/tirth/tirth_ws/install/bot_description/share/bot_description
running install_egg_info
Copying ../../build/bot_description/bot_description.egg-info to /home/tirth/tirth_ws/install/bot_description/lib/python3.10/site-packages/bot_description-0.0.0-py3.10.egg-info
running install_scripts
writing list of installed files to '/home/tirth/tirth_ws/build/bot_description/install.log'
