[1.890s] Invoking command in '/home/tirth/tirth_ws/src/bot_description': PYTHONPATH=/home/tirth/tirth_ws/build/bot_description/prefix_override:/home/tirth/tirth_ws/install/bot_description/lib/python3.10/site-packages:${PYTHONPATH} /usr/bin/python3 setup.py egg_info --egg-base ../../build/bot_description build --build-base /home/tirth/tirth_ws/build/bot_description/build install --record /home/tirth/tirth_ws/build/bot_description/install.log --single-version-externally-managed
[2.229s] running egg_info
[2.230s] creating ../../build/bot_description/bot_description.egg-info
[2.230s] writing ../../build/bot_description/bot_description.egg-info/PKG-INFO
[2.230s] writing dependency_links to ../../build/bot_description/bot_description.egg-info/dependency_links.txt
[2.230s] writing entry points to ../../build/bot_description/bot_description.egg-info/entry_points.txt
[2.230s] writing requirements to ../../build/bot_description/bot_description.egg-info/requires.txt
[2.231s] writing top-level names to ../../build/bot_description/bot_description.egg-info/top_level.txt
[2.231s] writing manifest file '../../build/bot_description/bot_description.egg-info/SOURCES.txt'
[2.232s] reading manifest file '../../build/bot_description/bot_description.egg-info/SOURCES.txt'
[2.232s] adding license file 'LICENSE'
[2.233s] writing manifest file '../../build/bot_description/bot_description.egg-info/SOURCES.txt'
[2.233s] running build
[2.233s] running build_py
[2.233s] creating /home/tirth/tirth_ws/build/bot_description/build
[2.233s] creating /home/tirth/tirth_ws/build/bot_description/build/lib
[2.233s] creating /home/tirth/tirth_ws/build/bot_description/build/lib/bot_description
[2.234s] copying bot_description/__init__.py -> /home/tirth/tirth_ws/build/bot_description/build/lib/bot_description
[2.234s] running install
[2.234s] running install_lib
[2.235s] creating /home/tirth/tirth_ws/install/bot_description/lib/python3.10/site-packages/bot_description
[2.235s] copying /home/tirth/tirth_ws/build/bot_description/build/lib/bot_description/__init__.py -> /home/tirth/tirth_ws/install/bot_description/lib/python3.10/site-packages/bot_description
[2.235s] byte-compiling /home/tirth/tirth_ws/install/bot_description/lib/python3.10/site-packages/bot_description/__init__.py to __init__.cpython-310.pyc
[2.235s] running install_data
[2.236s] creating /home/tirth/tirth_ws/install/bot_description/share/ament_index
[2.236s] creating /home/tirth/tirth_ws/install/bot_description/share/ament_index/resource_index
[2.236s] creating /home/tirth/tirth_ws/install/bot_description/share/ament_index/resource_index/packages
[2.236s] copying resource/bot_description -> /home/tirth/tirth_ws/install/bot_description/share/ament_index/resource_index/packages
[2.237s] copying package.xml -> /home/tirth/tirth_ws/install/bot_description/share/bot_description
[2.237s] running install_egg_info
[2.238s] Copying ../../build/bot_description/bot_description.egg-info to /home/tirth/tirth_ws/install/bot_description/lib/python3.10/site-packages/bot_description-0.0.0-py3.10.egg-info
[2.239s] running install_scripts
[2.259s] writing list of installed files to '/home/tirth/tirth_ws/build/bot_description/install.log'
[2.286s] Invoked command in '/home/tirth/tirth_ws/src/bot_description' returned '0': PYTHONPATH=/home/tirth/tirth_ws/build/bot_description/prefix_override:/home/tirth/tirth_ws/install/bot_description/lib/python3.10/site-packages:${PYTHONPATH} /usr/bin/python3 setup.py egg_info --egg-base ../../build/bot_description build --build-base /home/tirth/tirth_ws/build/bot_description/build install --record /home/tirth/tirth_ws/build/bot_description/install.log --single-version-externally-managed
