[1.614s] Invoking command in '/home/tirth/tirth_ws/src/bot_description': PYTHONPATH=/home/tirth/tirth_ws/build/bot_description/prefix_override:/home/tirth/tirth_ws/install/bot_description/lib/python3.10/site-packages:${PYTHONPATH} /usr/bin/python3 setup.py egg_info --egg-base ../../build/bot_description build --build-base /home/tirth/tirth_ws/build/bot_description/build install --record /home/tirth/tirth_ws/build/bot_description/install.log --single-version-externally-managed
[1.910s] running egg_info
[1.910s] writing ../../build/bot_description/bot_description.egg-info/PKG-INFO
[1.997s] writing dependency_links to ../../build/bot_description/bot_description.egg-info/dependency_links.txt
[1.997s] writing entry points to ../../build/bot_description/bot_description.egg-info/entry_points.txt
[1.998s] writing requirements to ../../build/bot_description/bot_description.egg-info/requires.txt
[1.999s] writing top-level names to ../../build/bot_description/bot_description.egg-info/top_level.txt
[2.007s] reading manifest file '../../build/bot_description/bot_description.egg-info/SOURCES.txt'
[2.014s] adding license file 'LICENSE'
[2.019s] writing manifest file '../../build/bot_description/bot_description.egg-info/SOURCES.txt'
[2.019s] running build
[2.020s] running build_py
[2.020s] running install
[2.021s] running install_lib
[2.026s] running install_data
[2.030s] copying launch/spawn.launch.py -> /home/tirth/tirth_ws/install/bot_description/share/bot_description/launch
[2.031s] copying world/maze_2.world -> /home/tirth/tirth_ws/install/bot_description/share/bot_description/world
[2.031s] running install_egg_info
[2.037s] removing '/home/tirth/tirth_ws/install/bot_description/lib/python3.10/site-packages/bot_description-0.0.0-py3.10.egg-info' (and everything under it)
[2.038s] Copying ../../build/bot_description/bot_description.egg-info to /home/tirth/tirth_ws/install/bot_description/lib/python3.10/site-packages/bot_description-0.0.0-py3.10.egg-info
[2.058s] running install_scripts
[2.091s] writing list of installed files to '/home/tirth/tirth_ws/build/bot_description/install.log'
[2.117s] Invoked command in '/home/tirth/tirth_ws/src/bot_description' returned '0': PYTHONPATH=/home/tirth/tirth_ws/build/bot_description/prefix_override:/home/tirth/tirth_ws/install/bot_description/lib/python3.10/site-packages:${PYTHONPATH} /usr/bin/python3 setup.py egg_info --egg-base ../../build/bot_description build --build-base /home/tirth/tirth_ws/build/bot_description/build install --record /home/tirth/tirth_ws/build/bot_description/install.log --single-version-externally-managed
