[1.889s] Invoking command in '/home/tirth/tirth_ws/src/bot_description': PYTHONPATH=/home/tirth/tirth_ws/build/bot_description/prefix_override:/home/tirth/tirth_ws/install/bot_description/lib/python3.10/site-packages:${PYTHONPATH} /usr/bin/python3 setup.py egg_info --egg-base ../../build/bot_description build --build-base /home/tirth/tirth_ws/build/bot_description/build install --record /home/tirth/tirth_ws/build/bot_description/install.log --single-version-externally-managed
[2.190s] running egg_info
[2.190s] writing ../../build/bot_description/bot_description.egg-info/PKG-INFO
[2.191s] writing dependency_links to ../../build/bot_description/bot_description.egg-info/dependency_links.txt
[2.191s] writing entry points to ../../build/bot_description/bot_description.egg-info/entry_points.txt
[2.191s] writing requirements to ../../build/bot_description/bot_description.egg-info/requires.txt
[2.191s] writing top-level names to ../../build/bot_description/bot_description.egg-info/top_level.txt
[2.193s] reading manifest file '../../build/bot_description/bot_description.egg-info/SOURCES.txt'
[2.193s] adding license file 'LICENSE'
[2.194s] writing manifest file '../../build/bot_description/bot_description.egg-info/SOURCES.txt'
[2.194s] running build
[2.194s] running build_py
[2.194s] running install
[2.194s] running install_lib
[2.195s] running install_data
[2.196s] copying world/maze_2.world -> /home/tirth/tirth_ws/install/bot_description/share/bot_description/world
[2.197s] running install_egg_info
[2.198s] removing '/home/tirth/tirth_ws/install/bot_description/lib/python3.10/site-packages/bot_description-0.0.0-py3.10.egg-info' (and everything under it)
[2.198s] Copying ../../build/bot_description/bot_description.egg-info to /home/tirth/tirth_ws/install/bot_description/lib/python3.10/site-packages/bot_description-0.0.0-py3.10.egg-info
[2.225s] running install_scripts
[2.247s] writing list of installed files to '/home/tirth/tirth_ws/build/bot_description/install.log'
[2.273s] Invoked command in '/home/tirth/tirth_ws/src/bot_description' returned '0': PYTHONPATH=/home/tirth/tirth_ws/build/bot_description/prefix_override:/home/tirth/tirth_ws/install/bot_description/lib/python3.10/site-packages:${PYTHONPATH} /usr/bin/python3 setup.py egg_info --egg-base ../../build/bot_description build --build-base /home/tirth/tirth_ws/build/bot_description/build install --record /home/tirth/tirth_ws/build/bot_description/install.log --single-version-externally-managed
