[3.534s] Invoking command in '/home/tirth/tirth_ws/src/bot_control': PYTHONPATH=/home/tirth/tirth_ws/build/bot_control/prefix_override:/home/tirth/tirth_ws/install/bot_control/lib/python3.10/site-packages:${PYTHONPATH} /usr/bin/python3 setup.py egg_info --egg-base ../../build/bot_control build --build-base /home/tirth/tirth_ws/build/bot_control/build install --record /home/tirth/tirth_ws/build/bot_control/install.log --single-version-externally-managed
[4.674s] running egg_info
[4.675s] writing ../../build/bot_control/bot_control.egg-info/PKG-INFO
[4.675s] writing dependency_links to ../../build/bot_control/bot_control.egg-info/dependency_links.txt
[4.675s] writing entry points to ../../build/bot_control/bot_control.egg-info/entry_points.txt
[4.675s] writing requirements to ../../build/bot_control/bot_control.egg-info/requires.txt
[4.676s] writing top-level names to ../../build/bot_control/bot_control.egg-info/top_level.txt
[4.688s] reading manifest file '../../build/bot_control/bot_control.egg-info/SOURCES.txt'
[4.689s] adding license file 'LICENSE'
[4.693s] writing manifest file '../../build/bot_control/bot_control.egg-info/SOURCES.txt'
[4.694s] running build
[4.694s] running build_py
[4.694s] running install
[4.697s] running install_lib
[4.705s] running install_data
[4.708s] running install_egg_info
[4.717s] removing '/home/tirth/tirth_ws/install/bot_control/lib/python3.10/site-packages/bot_control-0.0.0-py3.10.egg-info' (and everything under it)
[4.718s] Copying ../../build/bot_control/bot_control.egg-info to /home/tirth/tirth_ws/install/bot_control/lib/python3.10/site-packages/bot_control-0.0.0-py3.10.egg-info
[4.721s] running install_scripts
[4.788s] Installing filter script to /home/tirth/tirth_ws/install/bot_control/lib/bot_control
[4.788s] writing list of installed files to '/home/tirth/tirth_ws/build/bot_control/install.log'
[4.945s] Invoked command in '/home/tirth/tirth_ws/src/bot_control' returned '0': PYTHONPATH=/home/tirth/tirth_ws/build/bot_control/prefix_override:/home/tirth/tirth_ws/install/bot_control/lib/python3.10/site-packages:${PYTHONPATH} /usr/bin/python3 setup.py egg_info --egg-base ../../build/bot_control build --build-base /home/tirth/tirth_ws/build/bot_control/build install --record /home/tirth/tirth_ws/build/bot_control/install.log --single-version-externally-managed
