[4.713s] DEBUG:colcon:Command line arguments: ['/usr/bin/colcon', 'build']
[4.713s] DEBUG:colcon:Parsed command line arguments: Namespace(log_base=None, log_level=None, verb_name='build', build_base='build', install_base='install', merge_install=False, symlink_install=False, test_result_base=None, continue_on_error=False, executor='parallel', parallel_workers=8, event_handlers=None, ignore_user_meta=False, metas=['./colcon.meta'], base_paths=['.'], packages_ignore=None, packages_ignore_regex=None, paths=None, packages_up_to=None, packages_up_to_regex=None, packages_above=None, packages_above_and_dependencies=None, packages_above_depth=None, packages_select_by_dep=None, packages_skip_by_dep=None, packages_skip_up_to=None, packages_select_build_failed=False, packages_skip_build_finished=False, packages_select_test_failures=False, packages_skip_test_passed=False, packages_select=None, packages_skip=None, packages_select_regex=None, packages_skip_regex=None, packages_start=None, packages_end=None, allow_overriding=[], cmake_args=None, cmake_target=None, cmake_target_skip_unavailable=False, cmake_clean_cache=False, cmake_clean_first=False, cmake_force_configure=False, ament_cmake_args=None, catkin_cmake_args=None, catkin_skip_building_tests=False, verb_parser=<colcon_defaults.argument_parser.defaults.DefaultArgumentsDecorator object at 0x73d7938f5540>, verb_extension=<colcon_core.verb.build.BuildVerb object at 0x73d7938f7490>, main=<bound method BuildVerb.main of <colcon_core.verb.build.BuildVerb object at 0x73d7938f7490>>)
[5.157s] Level 1:colcon.colcon_core.package_discovery:discover_packages(colcon_meta) check parameters
[5.157s] Level 1:colcon.colcon_core.package_discovery:discover_packages(recursive) check parameters
[5.157s] Level 1:colcon.colcon_core.package_discovery:discover_packages(ignore) check parameters
[5.157s] Level 1:colcon.colcon_core.package_discovery:discover_packages(path) check parameters
[5.157s] Level 1:colcon.colcon_core.package_discovery:discover_packages(colcon_meta) discover
[5.157s] Level 1:colcon.colcon_core.package_discovery:discover_packages(recursive) discover
[5.157s] INFO:colcon.colcon_core.package_discovery:Crawling recursively for packages in '/home/tirth/tirth_ws'
[5.157s] Level 1:colcon.colcon_core.package_identification:_identify(.) by extensions ['ignore', 'ignore_ament_install']
[5.158s] Level 1:colcon.colcon_core.package_identification:_identify(.) by extension 'ignore'
[5.158s] Level 1:colcon.colcon_core.package_identification:_identify(.) by extension 'ignore_ament_install'
[5.158s] Level 1:colcon.colcon_core.package_identification:_identify(.) by extensions ['colcon_pkg']
[5.158s] Level 1:colcon.colcon_core.package_identification:_identify(.) by extension 'colcon_pkg'
[5.158s] Level 1:colcon.colcon_core.package_identification:_identify(.) by extensions ['colcon_meta']
[5.158s] Level 1:colcon.colcon_core.package_identification:_identify(.) by extension 'colcon_meta'
[5.158s] Level 1:colcon.colcon_core.package_identification:_identify(.) by extensions ['ros']
[5.158s] Level 1:colcon.colcon_core.package_identification:_identify(.) by extension 'ros'
[5.236s] Level 1:colcon.colcon_core.package_identification:_identify(.) by extensions ['cmake', 'python']
[5.236s] Level 1:colcon.colcon_core.package_identification:_identify(.) by extension 'cmake'
[5.236s] Level 1:colcon.colcon_core.package_identification:_identify(.) by extension 'python'
[5.236s] Level 1:colcon.colcon_core.package_identification:_identify(.) by extensions ['python_setup_py']
[5.236s] Level 1:colcon.colcon_core.package_identification:_identify(.) by extension 'python_setup_py'
[5.243s] Level 1:colcon.colcon_core.package_identification:_identify(build) by extensions ['ignore', 'ignore_ament_install']
[5.243s] Level 1:colcon.colcon_core.package_identification:_identify(build) by extension 'ignore'
[5.243s] Level 1:colcon.colcon_core.package_identification:_identify(build) ignored
[5.243s] Level 1:colcon.colcon_core.package_identification:_identify(install) by extensions ['ignore', 'ignore_ament_install']
[5.243s] Level 1:colcon.colcon_core.package_identification:_identify(install) by extension 'ignore'
[5.244s] Level 1:colcon.colcon_core.package_identification:_identify(install) ignored
[5.244s] Level 1:colcon.colcon_core.package_identification:_identify(log) by extensions ['ignore', 'ignore_ament_install']
[5.244s] Level 1:colcon.colcon_core.package_identification:_identify(log) by extension 'ignore'
[5.244s] Level 1:colcon.colcon_core.package_identification:_identify(log) ignored
[5.244s] Level 1:colcon.colcon_core.package_identification:_identify(src) by extensions ['ignore', 'ignore_ament_install']
[5.244s] Level 1:colcon.colcon_core.package_identification:_identify(src) by extension 'ignore'
[5.244s] Level 1:colcon.colcon_core.package_identification:_identify(src) by extension 'ignore_ament_install'
[5.245s] Level 1:colcon.colcon_core.package_identification:_identify(src) by extensions ['colcon_pkg']
[5.245s] Level 1:colcon.colcon_core.package_identification:_identify(src) by extension 'colcon_pkg'
[5.245s] Level 1:colcon.colcon_core.package_identification:_identify(src) by extensions ['colcon_meta']
[5.245s] Level 1:colcon.colcon_core.package_identification:_identify(src) by extension 'colcon_meta'
[5.245s] Level 1:colcon.colcon_core.package_identification:_identify(src) by extensions ['ros']
[5.245s] Level 1:colcon.colcon_core.package_identification:_identify(src) by extension 'ros'
[5.245s] Level 1:colcon.colcon_core.package_identification:_identify(src) by extensions ['cmake', 'python']
[5.245s] Level 1:colcon.colcon_core.package_identification:_identify(src) by extension 'cmake'
[5.245s] Level 1:colcon.colcon_core.package_identification:_identify(src) by extension 'python'
[5.245s] Level 1:colcon.colcon_core.package_identification:_identify(src) by extensions ['python_setup_py']
[5.245s] Level 1:colcon.colcon_core.package_identification:_identify(src) by extension 'python_setup_py'
[5.246s] Level 1:colcon.colcon_core.package_identification:_identify(src/bot_description) by extensions ['ignore', 'ignore_ament_install']
[5.246s] Level 1:colcon.colcon_core.package_identification:_identify(src/bot_description) by extension 'ignore'
[5.246s] Level 1:colcon.colcon_core.package_identification:_identify(src/bot_description) by extension 'ignore_ament_install'
[5.246s] Level 1:colcon.colcon_core.package_identification:_identify(src/bot_description) by extensions ['colcon_pkg']
[5.246s] Level 1:colcon.colcon_core.package_identification:_identify(src/bot_description) by extension 'colcon_pkg'
[5.246s] Level 1:colcon.colcon_core.package_identification:_identify(src/bot_description) by extensions ['colcon_meta']
[5.246s] Level 1:colcon.colcon_core.package_identification:_identify(src/bot_description) by extension 'colcon_meta'
[5.246s] Level 1:colcon.colcon_core.package_identification:_identify(src/bot_description) by extensions ['ros']
[5.246s] Level 1:colcon.colcon_core.package_identification:_identify(src/bot_description) by extension 'ros'
[5.261s] DEBUG:colcon.colcon_core.package_identification:Package 'src/bot_description' with type 'ros.ament_python' and name 'bot_description'
[5.261s] Level 1:colcon.colcon_core.package_discovery:discover_packages(recursive) using defaults
[5.261s] Level 1:colcon.colcon_core.package_discovery:discover_packages(ignore) discover
[5.261s] Level 1:colcon.colcon_core.package_discovery:discover_packages(ignore) using defaults
[5.261s] Level 1:colcon.colcon_core.package_discovery:discover_packages(path) discover
[5.261s] Level 1:colcon.colcon_core.package_discovery:discover_packages(path) using defaults
[5.656s] Level 1:colcon.colcon_core.package_discovery:discover_packages(prefix_path) check parameters
[5.656s] Level 1:colcon.colcon_core.package_discovery:discover_packages(prefix_path) discover
[5.716s] DEBUG:colcon.colcon_installed_package_information.package_discovery:Found 1 installed packages in /home/tirth/tirth_ws/install
[5.736s] DEBUG:colcon.colcon_installed_package_information.package_discovery:Found 8 installed packages in /home/tirth/colcon_ws/install
[5.757s] DEBUG:colcon.colcon_installed_package_information.package_discovery:Found 312 installed packages in /opt/ros/humble
[5.759s] Level 1:colcon.colcon_core.package_discovery:discover_packages(prefix_path) using defaults
[8.288s] Level 5:colcon.colcon_core.verb:set package 'bot_description' build argument 'cmake_args' from command line to 'None'
[8.288s] Level 5:colcon.colcon_core.verb:set package 'bot_description' build argument 'cmake_target' from command line to 'None'
[8.288s] Level 5:colcon.colcon_core.verb:set package 'bot_description' build argument 'cmake_target_skip_unavailable' from command line to 'False'
[8.288s] Level 5:colcon.colcon_core.verb:set package 'bot_description' build argument 'cmake_clean_cache' from command line to 'False'
[8.288s] Level 5:colcon.colcon_core.verb:set package 'bot_description' build argument 'cmake_clean_first' from command line to 'False'
[8.288s] Level 5:colcon.colcon_core.verb:set package 'bot_description' build argument 'cmake_force_configure' from command line to 'False'
[8.288s] Level 5:colcon.colcon_core.verb:set package 'bot_description' build argument 'ament_cmake_args' from command line to 'None'
[8.288s] Level 5:colcon.colcon_core.verb:set package 'bot_description' build argument 'catkin_cmake_args' from command line to 'None'
[8.288s] Level 5:colcon.colcon_core.verb:set package 'bot_description' build argument 'catkin_skip_building_tests' from command line to 'False'
[8.288s] DEBUG:colcon.colcon_core.verb:Building package 'bot_description' with the following arguments: {'ament_cmake_args': None, 'build_base': '/home/tirth/tirth_ws/build/bot_description', 'catkin_cmake_args': None, 'catkin_skip_building_tests': False, 'cmake_args': None, 'cmake_clean_cache': False, 'cmake_clean_first': False, 'cmake_force_configure': False, 'cmake_target': None, 'cmake_target_skip_unavailable': False, 'install_base': '/home/tirth/tirth_ws/install/bot_description', 'merge_install': False, 'path': '/home/tirth/tirth_ws/src/bot_description', 'symlink_install': False, 'test_result_base': None}
[8.308s] INFO:colcon.colcon_core.executor:Executing jobs using 'parallel' executor
[8.328s] DEBUG:colcon.colcon_parallel_executor.executor.parallel:run_until_complete
[8.328s] INFO:colcon.colcon_ros.task.ament_python.build:Building ROS package in '/home/tirth/tirth_ws/src/bot_description' with build type 'ament_python'
[8.328s] Level 1:colcon.colcon_core.shell:create_environment_hook('bot_description', 'ament_prefix_path')
[8.705s] INFO:colcon.colcon_core.plugin_system:Skipping extension 'colcon_core.shell.bat': Not used on non-Windows systems
[8.705s] INFO:colcon.colcon_core.shell:Creating environment hook '/home/tirth/tirth_ws/install/bot_description/share/bot_description/hook/ament_prefix_path.ps1'
[8.756s] INFO:colcon.colcon_core.shell:Creating environment descriptor '/home/tirth/tirth_ws/install/bot_description/share/bot_description/hook/ament_prefix_path.dsv'
[8.768s] INFO:colcon.colcon_core.shell:Creating environment hook '/home/tirth/tirth_ws/install/bot_description/share/bot_description/hook/ament_prefix_path.sh'
[8.825s] INFO:colcon.colcon_core.shell:Skip shell extension 'powershell' for command environment: Not usable outside of PowerShell
[8.825s] DEBUG:colcon.colcon_core.shell:Skip shell extension 'dsv' for command environment
[9.334s] INFO:colcon.colcon_core.task.python.build:Building Python package in '/home/tirth/tirth_ws/src/bot_description'
[9.355s] INFO:colcon.colcon_core.shell:Skip shell extension 'powershell' for command environment: Not usable outside of PowerShell
[9.355s] DEBUG:colcon.colcon_core.shell:Skip shell extension 'dsv' for command environment
[10.533s] DEBUG:colcon.colcon_core.event_handler.log_command:Invoking command in '/home/tirth/tirth_ws/src/bot_description': PYTHONPATH=/home/tirth/tirth_ws/build/bot_description/prefix_override:/home/tirth/tirth_ws/install/bot_description/lib/python3.10/site-packages:${PYTHONPATH} /usr/bin/python3 setup.py egg_info --egg-base ../../build/bot_description build --build-base /home/tirth/tirth_ws/build/bot_description/build install --record /home/tirth/tirth_ws/build/bot_description/install.log --single-version-externally-managed
[11.004s] DEBUG:colcon.colcon_core.event_handler.log_command:Invoked command in '/home/tirth/tirth_ws/src/bot_description' returned '0': PYTHONPATH=/home/tirth/tirth_ws/build/bot_description/prefix_override:/home/tirth/tirth_ws/install/bot_description/lib/python3.10/site-packages:${PYTHONPATH} /usr/bin/python3 setup.py egg_info --egg-base ../../build/bot_description build --build-base /home/tirth/tirth_ws/build/bot_description/build install --record /home/tirth/tirth_ws/build/bot_description/install.log --single-version-externally-managed
[11.091s] Level 1:colcon.colcon_core.environment:checking '/home/tirth/tirth_ws/install/bot_description' for CMake module files
[11.093s] Level 1:colcon.colcon_core.environment:checking '/home/tirth/tirth_ws/install/bot_description' for CMake config files
[11.155s] Level 1:colcon.colcon_core.environment:checking '/home/tirth/tirth_ws/install/bot_description/lib'
[11.156s] Level 1:colcon.colcon_core.environment:checking '/home/tirth/tirth_ws/install/bot_description/bin'
[11.156s] Level 1:colcon.colcon_core.environment:checking '/home/tirth/tirth_ws/install/bot_description/lib/pkgconfig/bot_description.pc'
[11.156s] Level 1:colcon.colcon_core.environment:checking '/home/tirth/tirth_ws/install/bot_description/lib/python3.10/site-packages'
[11.156s] Level 1:colcon.colcon_core.shell:create_environment_hook('bot_description', 'pythonpath')
[11.183s] INFO:colcon.colcon_core.shell:Creating environment hook '/home/tirth/tirth_ws/install/bot_description/share/bot_description/hook/pythonpath.ps1'
[11.184s] INFO:colcon.colcon_core.shell:Creating environment descriptor '/home/tirth/tirth_ws/install/bot_description/share/bot_description/hook/pythonpath.dsv'
[11.184s] INFO:colcon.colcon_core.shell:Creating environment hook '/home/tirth/tirth_ws/install/bot_description/share/bot_description/hook/pythonpath.sh'
[11.184s] Level 1:colcon.colcon_core.environment:checking '/home/tirth/tirth_ws/install/bot_description/bin'
[11.185s] Level 1:colcon.colcon_core.environment:create_environment_scripts_only(bot_description)
[11.205s] INFO:colcon.colcon_core.shell:Creating package script '/home/tirth/tirth_ws/install/bot_description/share/bot_description/package.ps1'
[11.224s] INFO:colcon.colcon_core.shell:Creating package descriptor '/home/tirth/tirth_ws/install/bot_description/share/bot_description/package.dsv'
[11.226s] INFO:colcon.colcon_core.shell:Creating package script '/home/tirth/tirth_ws/install/bot_description/share/bot_description/package.sh'
[11.230s] INFO:colcon.colcon_core.shell:Creating package script '/home/tirth/tirth_ws/install/bot_description/share/bot_description/package.bash'
[11.235s] INFO:colcon.colcon_core.shell:Creating package script '/home/tirth/tirth_ws/install/bot_description/share/bot_description/package.zsh'
[11.238s] Level 1:colcon.colcon_core.environment:create_file_with_runtime_dependencies(/home/tirth/tirth_ws/install/bot_description/share/colcon-core/packages/bot_description)
[11.239s] DEBUG:colcon.colcon_parallel_executor.executor.parallel:closing loop
[11.240s] DEBUG:colcon.colcon_parallel_executor.executor.parallel:loop closed
[11.240s] DEBUG:colcon.colcon_parallel_executor.executor.parallel:run_until_complete finished with '0'
[11.240s] DEBUG:colcon.colcon_core.event_reactor:joining thread
[11.345s] INFO:colcon.colcon_core.plugin_system:Skipping extension 'colcon_notification.desktop_notification.terminal_notifier': Not used on non-Darwin systems
[11.346s] INFO:colcon.colcon_core.plugin_system:Skipping extension 'colcon_notification.desktop_notification.win32': Not used on non-Windows systems
[11.346s] INFO:colcon.colcon_notification.desktop_notification:Sending desktop notification using 'notify2'
[11.374s] DEBUG:colcon.colcon_core.event_reactor:joined thread
[11.409s] INFO:colcon.colcon_core.shell:Creating prefix script '/home/tirth/tirth_ws/install/local_setup.ps1'
[11.410s] INFO:colcon.colcon_core.shell:Creating prefix util module '/home/tirth/tirth_ws/install/_local_setup_util_ps1.py'
[11.411s] INFO:colcon.colcon_core.shell:Creating prefix chain script '/home/tirth/tirth_ws/install/setup.ps1'
[11.434s] INFO:colcon.colcon_core.shell:Creating prefix script '/home/tirth/tirth_ws/install/local_setup.sh'
[11.435s] INFO:colcon.colcon_core.shell:Creating prefix util module '/home/tirth/tirth_ws/install/_local_setup_util_sh.py'
[11.435s] INFO:colcon.colcon_core.shell:Creating prefix chain script '/home/tirth/tirth_ws/install/setup.sh'
[11.457s] INFO:colcon.colcon_core.shell:Creating prefix script '/home/tirth/tirth_ws/install/local_setup.bash'
[11.457s] INFO:colcon.colcon_core.shell:Creating prefix chain script '/home/tirth/tirth_ws/install/setup.bash'
[11.479s] INFO:colcon.colcon_core.shell:Creating prefix script '/home/tirth/tirth_ws/install/local_setup.zsh'
[11.480s] INFO:colcon.colcon_core.shell:Creating prefix chain script '/home/tirth/tirth_ws/install/setup.zsh'
