running egg_info
writing ../../build/bot_control/bot_control.egg-info/PKG-INFO
writing dependency_links to ../../build/bot_control/bot_control.egg-info/dependency_links.txt
writing entry points to ../../build/bot_control/bot_control.egg-info/entry_points.txt
writing requirements to ../../build/bot_control/bot_control.egg-info/requires.txt
writing top-level names to ../../build/bot_control/bot_control.egg-info/top_level.txt
reading manifest file '../../build/bot_control/bot_control.egg-info/SOURCES.txt'
adding license file 'LICENSE'
writing manifest file '../../build/bot_control/bot_control.egg-info/SOURCES.txt'
running build
running build_py
copying bot_control/filter.py -> /home/tirth/tirth_ws/build/bot_control/build/lib/bot_control
running install
running install_lib
copying /home/tirth/tirth_ws/build/bot_control/build/lib/bot_control/filter.py -> /home/tirth/tirth_ws/install/bot_control/lib/python3.10/site-packages/bot_control
byte-compiling /home/tirth/tirth_ws/install/bot_control/lib/python3.10/site-packages/bot_control/filter.py to filter.cpython-310.pyc
running install_data
copying world/bot.world -> /home/tirth/tirth_ws/install/bot_control/share/bot_control/world
copying urdf/bot.urdf -> /home/tirth/tirth_ws/install/bot_control/share/bot_control/urdf
running install_egg_info
removing '/home/tirth/tirth_ws/install/bot_control/lib/python3.10/site-packages/bot_control-0.0.0-py3.10.egg-info' (and everything under it)
Copying ../../build/bot_control/bot_control.egg-info to /home/tirth/tirth_ws/install/bot_control/lib/python3.10/site-packages/bot_control-0.0.0-py3.10.egg-info
running install_scripts
Installing filter script to /home/tirth/tirth_ws/install/bot_control/lib/bot_control
writing list of installed files to '/home/tirth/tirth_ws/build/bot_control/install.log'
