[2.904s] Invoking command in '/home/tirth/tirth_ws/src/bot_control': PYTHONPATH=/home/tirth/tirth_ws/build/bot_control/prefix_override:/home/tirth/tirth_ws/install/bot_control/lib/python3.10/site-packages:${PYTHONPATH} /usr/bin/python3 setup.py egg_info --egg-base ../../build/bot_control build --build-base /home/tirth/tirth_ws/build/bot_control/build install --record /home/tirth/tirth_ws/build/bot_control/install.log --single-version-externally-managed
[3.215s] running egg_info
[3.215s] writing ../../build/bot_control/bot_control.egg-info/PKG-INFO
[3.215s] writing dependency_links to ../../build/bot_control/bot_control.egg-info/dependency_links.txt
[3.216s] writing entry points to ../../build/bot_control/bot_control.egg-info/entry_points.txt
[3.216s] writing requirements to ../../build/bot_control/bot_control.egg-info/requires.txt
[3.216s] writing top-level names to ../../build/bot_control/bot_control.egg-info/top_level.txt
[3.437s] reading manifest file '../../build/bot_control/bot_control.egg-info/SOURCES.txt'
[3.616s] adding license file 'LICENSE'
[3.620s] writing manifest file '../../build/bot_control/bot_control.egg-info/SOURCES.txt'
[3.621s] running build
[3.622s] running build_py
[3.658s] copying bot_control/filter.py -> /home/tirth/tirth_ws/build/bot_control/build/lib/bot_control
[3.675s] running install
[3.676s] running install_lib
[3.678s] copying /home/tirth/tirth_ws/build/bot_control/build/lib/bot_control/filter.py -> /home/tirth/tirth_ws/install/bot_control/lib/python3.10/site-packages/bot_control
[3.702s] byte-compiling /home/tirth/tirth_ws/install/bot_control/lib/python3.10/site-packages/bot_control/filter.py to filter.cpython-310.pyc
[3.703s] running install_data
[3.705s] copying world/bot.world -> /home/tirth/tirth_ws/install/bot_control/share/bot_control/world
[3.706s] copying urdf/bot.urdf -> /home/tirth/tirth_ws/install/bot_control/share/bot_control/urdf
[3.707s] running install_egg_info
[3.711s] removing '/home/tirth/tirth_ws/install/bot_control/lib/python3.10/site-packages/bot_control-0.0.0-py3.10.egg-info' (and everything under it)
[3.711s] Copying ../../build/bot_control/bot_control.egg-info to /home/tirth/tirth_ws/install/bot_control/lib/python3.10/site-packages/bot_control-0.0.0-py3.10.egg-info
[3.726s] running install_scripts
[3.769s] Installing filter script to /home/tirth/tirth_ws/install/bot_control/lib/bot_control
[3.779s] writing list of installed files to '/home/tirth/tirth_ws/build/bot_control/install.log'
[3.805s] Invoked command in '/home/tirth/tirth_ws/src/bot_control' returned '0': PYTHONPATH=/home/tirth/tirth_ws/build/bot_control/prefix_override:/home/tirth/tirth_ws/install/bot_control/lib/python3.10/site-packages:${PYTHONPATH} /usr/bin/python3 setup.py egg_info --egg-base ../../build/bot_control build --build-base /home/tirth/tirth_ws/build/bot_control/build install --record /home/tirth/tirth_ws/build/bot_control/install.log --single-version-externally-managed
